#2025 08 05 18:15:05.496#Z#INFO#1cbde2df-7228-11f0-a82b-eeee0a82990a.OPERATION#http-nio-0.0.0.0-8080-exec-6#
[XS2StartProcessListener] Operation ID: 1cbde2df-7228-11f0-a82b-eeee0a82990a#
#2025 08 05 18:15:05.525#Z#DEBUG#1cbde2df-7228-11f0-a82b-eeee0a82990a.OPERATION#http-nio-0.0.0.0-8080-exec-6#
[XS2StartProcessListener] Process environment: {
  "SKIP_SSL_VALIDATION" : "false",
  "FLOWABLE_JOB_EXECUTOR_MAX_THREADS" : "32",
  "VERSION" : "2.28.0",
  "BASIC_AUTH_ENABLED" : "true",
  "FLOWABLE_JOB_EXECUTOR_QUEUE_CAPACITY" : "16",
  "FLOWABLE_JOB_EXECUTOR_CORE_THREADS" : "8"
}#
#2025 08 05 18:15:05.526#Z#DEBUG#1cbde2df-7228-11f0-a82b-eeee0a82990a.OPERATION#http-nio-0.0.0.0-8080-exec-6#
[XS2StartProcessListener] Current user: veeravenkatan_guggi@hcltech.com#
#2025 08 05 18:15:05.526#Z#DEBUG#1cbde2df-7228-11f0-a82b-eeee0a82990a.OPERATION#http-nio-0.0.0.0-8080-exec-6#
[XS2StartProcessListener] Client space: dev#
#2025 08 05 18:15:05.526#Z#DEBUG#1cbde2df-7228-11f0-a82b-eeee0a82990a.OPERATION#http-nio-0.0.0.0-8080-exec-6#
[XS2StartProcessListener] Client organization: 0a812254trial#
#2025 08 05 18:15:05.526#Z#INFO#1cbde2df-7228-11f0-a82b-eeee0a82990a.OPERATION#http-nio-0.0.0.0-8080-exec-6#
[XS2StartProcessListener] Process variables: {
  "abortOnError" : false,
  "mtaId" : "Project1",
  "keepFiles" : false,
  "versionRule" : "ALL",
  "noFailOnMissingPermissions" : false,
  "skipAppDigestCalculation" : false,
  "deleteServiceBrokers" : false,
  "appArchiveId" : "9eb4f4b0-2fb8-4cc4-83ed-b3ce55e5c279",
  "deleteServiceKeys" : false,
  "noRestartSubscribedApps" : false,
  "noStart" : false,
  "deleteServices" : false
}#
#2025 08 05 18:15:05.591#Z#DEBUG#1cbde2df-7228-11f0-a82b-eeee0a82990a.OPERATION#flowable-async-job-executor-thread-19838#
[ValidateDeployParametersStep] Executing task "validateParametersTask" of process "1cbde302-7228-11f0-a82b-eeee0a82990a"...#
#2025 08 05 18:15:05.591#Z#DEBUG#1cbde2df-7228-11f0-a82b-eeee0a82990a.OPERATION#flowable-async-job-executor-thread-19838#
[ValidateDeployParametersStep] Validating parameters...#
#2025 08 05 18:15:05.595#Z#INFO#1cbde2df-7228-11f0-a82b-eeee0a82990a.OPERATION#flowable-async-job-executor-thread-19838#
[ValidateDeployParametersStep] Size of mtars is 35,640 and size of extension descriptors is 0#
#2025 08 05 18:15:05.595#Z#INFO#1cbde2df-7228-11f0-a82b-eeee0a82990a.OPERATION#flowable-async-job-executor-thread-19838#
[ValidateDeployParametersStep] Archive was not split! Total size in bytes: 35,640#
#2025 08 05 18:15:05.595#Z#INFO#1cbde2df-7228-11f0-a82b-eeee0a82990a.OPERATION#flowable-async-job-executor-thread-19838#
[ValidateDeployParametersStep] Deploying in org "0a812254trial" and space "dev"#
#2025 08 05 18:15:05.602#Z#DEBUG#1cbde2df-7228-11f0-a82b-eeee0a82990a.OPERATION#flowable-async-job-executor-thread-19838#
[ValidateDeployParametersStep] Parameters validated#
#2025 08 05 18:15:05.602#Z#DEBUG#1cbde2df-7228-11f0-a82b-eeee0a82990a.OPERATION#flowable-async-job-executor-thread-19838#
Step "Validate Parameters" finished#
#2025 08 05 18:15:05.644#Z#DEBUG#1cbde2df-7228-11f0-a82b-eeee0a82990a.OPERATION#flowable-async-job-executor-thread-19839#
[DeleteRemainingFileParts] Executing task "deleteRemainingFileParts" of process "1cbde302-7228-11f0-a82b-eeee0a82990a"...#
#2025 08 05 18:15:05.646#Z#DEBUG#1cbde2df-7228-11f0-a82b-eeee0a82990a.OPERATION#flowable-async-job-executor-thread-19839#
Step "Delete Remaining File Parts" finished#
#2025 08 05 18:15:05.684#Z#DEBUG#1cbde2df-7228-11f0-a82b-eeee0a82990a.OPERATION#flowable-async-job-executor-thread-19840#
[XS2ProcessMtaArchiveStep] Executing task "processArchiveTask" of process "1cbde302-7228-11f0-a82b-eeee0a82990a"...#
#2025 08 05 18:15:05.686#Z#DEBUG#1cbde2df-7228-11f0-a82b-eeee0a82990a.OPERATION#flowable-async-job-executor-thread-19840#
[XS2ProcessMtaArchiveStep] Processing MTA archive...#
#2025 08 05 18:15:05.686#Z#DEBUG#1cbde2df-7228-11f0-a82b-eeee0a82990a.OPERATION#flowable-async-job-executor-thread-19840#
[XS2ProcessMtaArchiveStep] MTA Archive ID: 9eb4f4b0-2fb8-4cc4-83ed-b3ce55e5c279#
#2025 08 05 18:15:05.748#Z#DEBUG#1cbde2df-7228-11f0-a82b-eeee0a82990a.OPERATION#flowable-async-job-executor-thread-19840#
[XS2ProcessMtaArchiveStep] MTA Descriptor length: 196#
#2025 08 05 18:15:05.748#Z#DEBUG#1cbde2df-7228-11f0-a82b-eeee0a82990a.OPERATION#flowable-async-job-executor-thread-19840#
[XS2ProcessMtaArchiveStep] MTA Archive Modules: [APP1]#
#2025 08 05 18:15:05.748#Z#DEBUG#1cbde2df-7228-11f0-a82b-eeee0a82990a.OPERATION#flowable-async-job-executor-thread-19840#
[XS2ProcessMtaArchiveStep] MTA Archive Requires: []#
#2025 08 05 18:15:05.748#Z#DEBUG#1cbde2df-7228-11f0-a82b-eeee0a82990a.OPERATION#flowable-async-job-executor-thread-19840#
[XS2ProcessMtaArchiveStep] MTA Archive Resources: []#
#2025 08 05 18:15:05.762#Z#DEBUG#1cbde2df-7228-11f0-a82b-eeee0a82990a.OPERATION#flowable-async-job-executor-thread-19840#
[XS2ProcessMtaArchiveStep] MTA archive processed#
#2025 08 05 18:15:05.762#Z#DEBUG#1cbde2df-7228-11f0-a82b-eeee0a82990a.OPERATION#flowable-async-job-executor-thread-19840#
Step "Process Archive" finished#
#2025 08 05 18:15:05.814#Z#DEBUG#1cbde2df-7228-11f0-a82b-eeee0a82990a.OPERATION#flowable-async-job-executor-thread-19841#
[ProcessMtaExtensionDescriptorsStep] Executing task "processExtensionDescriptorsTask" of process "1cbde302-7228-11f0-a82b-eeee0a82990a"...#
#2025 08 05 18:15:05.815#Z#DEBUG#1cbde2df-7228-11f0-a82b-eeee0a82990a.OPERATION#flowable-async-job-executor-thread-19841#
[ProcessMtaExtensionDescriptorsStep] Processing MTA extension descriptors...#
#2025 08 05 18:15:05.815#Z#DEBUG#1cbde2df-7228-11f0-a82b-eeee0a82990a.OPERATION#flowable-async-job-executor-thread-19841#
[ProcessMtaExtensionDescriptorsStep] Provided extension descriptors: [ ]#
#2025 08 05 18:15:05.815#Z#DEBUG#1cbde2df-7228-11f0-a82b-eeee0a82990a.OPERATION#flowable-async-job-executor-thread-19841#
[ProcessMtaExtensionDescriptorsStep] No extension descriptors in use#
#2025 08 05 18:15:05.815#Z#DEBUG#1cbde2df-7228-11f0-a82b-eeee0a82990a.OPERATION#flowable-async-job-executor-thread-19841#
[ProcessMtaExtensionDescriptorsStep] MTA extension descriptors processed#
#2025 08 05 18:15:05.815#Z#DEBUG#1cbde2df-7228-11f0-a82b-eeee0a82990a.OPERATION#flowable-async-job-executor-thread-19841#
Step "Process Extension Descriptors" finished#
#2025 08 05 18:15:05.863#Z#DEBUG#1cbde2df-7228-11f0-a82b-eeee0a82990a.OPERATION#flowable-async-job-executor-thread-19842#
[DetectMtaSchemaVersionStep] Executing task "detectSchemaVersionTask" of process "1cbde302-7228-11f0-a82b-eeee0a82990a"...#
#2025 08 05 18:15:05.865#Z#DEBUG#1cbde2df-7228-11f0-a82b-eeee0a82990a.OPERATION#flowable-async-job-executor-thread-19842#
[DetectMtaSchemaVersionStep] Detecting MTA major schema version...#
#2025 08 05 18:15:05.866#Z#INFO#1cbde2df-7228-11f0-a82b-eeee0a82990a.OPERATION#flowable-async-job-executor-thread-19842#
[DetectMtaSchemaVersionStep] Detected MTA schema version: "3"#
#2025 08 05 18:15:05.874#Z#DEBUG#1cbde2df-7228-11f0-a82b-eeee0a82990a.OPERATION#flowable-async-job-executor-thread-19842#
Step "Detect Schema Version" finished#
#2025 08 05 18:15:05.918#Z#DEBUG#1cbde2df-7228-11f0-a82b-eeee0a82990a.OPERATION#flowable-async-job-executor-thread-19843#
[MergeDescriptorsStep] Executing task "mergeDescriptorsTask" of process "1cbde302-7228-11f0-a82b-eeee0a82990a"...#
#2025 08 05 18:15:05.919#Z#DEBUG#1cbde2df-7228-11f0-a82b-eeee0a82990a.OPERATION#flowable-async-job-executor-thread-19843#
[MergeDescriptorsStep] Validating and merging descriptors...#
#2025 08 05 18:15:05.921#Z#DEBUG#1cbde2df-7228-11f0-a82b-eeee0a82990a.OPERATION#flowable-async-job-executor-thread-19843#
[MergeDescriptorsStep] Merged deployment descriptor: {
  "majorSchemaVersion" : 3,
  "schemaVersion" : "3.2.0",
  "id" : "Project1",
  "version" : "0.0.1",
  "modules" : [ {
    "majorSchemaVersion" : 3,
    "name" : "APP1",
    "type" : "javascript.nodejs",
    "path" : "APP1",
    "properties" : { },
    "parameters" : {
      "memory" : "200M",
      "buildpack" : "nodejs_buildpack",
      "disk-quota" : "400M"
    },
    "requiredDependencies" : [ ],
    "providedDependencies" : [ {
      "majorSchemaVersion" : 3,
      "name" : "APP1",
      "isPublic" : false,
      "properties" : { },
      "parameters" : { },
      "propertiesMetadata" : {
        "metadata" : { }
      },
      "parametersMetadata" : {
        "metadata" : { }
      }
    } ],
    "propertiesMetadata" : {
      "metadata" : { }
    },
    "parametersMetadata" : {
      "metadata" : { }
    },
    "hooks" : [ ]
  } ],
  "resources" : [ ],
  "parameters" : { },
  "parametersMetadata" : {
    "metadata" : { }
  }
}#
#2025 08 05 18:15:05.922#Z#DEBUG#1cbde2df-7228-11f0-a82b-eeee0a82990a.OPERATION#flowable-async-job-executor-thread-19843#
[MergeDescriptorsStep] Descriptors validated and merged#
#2025 08 05 18:15:05.922#Z#DEBUG#1cbde2df-7228-11f0-a82b-eeee0a82990a.OPERATION#flowable-async-job-executor-thread-19843#
Step "Merge Descriptors" finished#
#2025 08 05 18:15:05.965#Z#DEBUG#1cbde2df-7228-11f0-a82b-eeee0a82990a.OPERATION#flowable-async-job-executor-thread-19844#
[DetectDeployedMtaStep] Executing task "detectDeployedMtaTask" of process "1cbde302-7228-11f0-a82b-eeee0a82990a"...#
#2025 08 05 18:15:05.966#Z#DEBUG#1cbde2df-7228-11f0-a82b-eeee0a82990a.OPERATION#flowable-async-job-executor-thread-19844#
[DetectDeployedMtaStep] Detecting deployed MTA...#
#2025 08 05 18:15:06.028#Z#DEBUG#1cbde2df-7228-11f0-a82b-eeee0a82990a.OPERATION#flowable-async-job-executor-thread-19844#
[DetectDeployedMtaStep] Detecting MTA by id Project1 and namespace null#
#2025 08 05 18:15:06.028#Z#DEBUG#1cbde2df-7228-11f0-a82b-eeee0a82990a.OPERATION#flowable-async-job-executor-thread-19844#
[DetectDeployedMtaStep] Getting applications by metadata label selector "mta_id=262fd345916d6767ed8bb776eed77688,!mta_namespace"...#
#2025 08 05 18:15:06.098#Z#DEBUG#1cbde2df-7228-11f0-a82b-eeee0a82990a.OPERATION#flowable-async-job-executor-thread-19844#
[DetectDeployedMtaStep] Getting service instances by metadata label selector "mta_id=262fd345916d6767ed8bb776eed77688,!mta_namespace"...#
#2025 08 05 18:15:06.127#Z#DEBUG#1cbde2df-7228-11f0-a82b-eeee0a82990a.OPERATION#flowable-async-job-executor-thread-19844#
[DetectDeployedMtaStep] Deployed MTA: {
  "metadata" : {
    "id" : "Project1",
    "version" : "0.0.1"
  },
  "applications" : [ {
    "name" : "app1-backend",
    "metadata" : {
      "guid" : "ce859fc3-55bd-4eea-9efa-70e68e141b9b",
      "createdAt" : [ 2025, 7, 25, 9, 24, 52 ],
      "updatedAt" : [ 2025, 8, 5, 11, 15, 58 ]
    },
    "v3Metadata" : {
      "annotations" : {
        "mta_id" : "Project1",
        "mta_version" : "0.0.1",
        "mta_module" : "{\"name\":\"app1-backend\"}",
        "mta_module_provided_dependencies" : "[]",
        "mta_bound_services" : "[]"
      },
      "labels" : {
        "mta_id" : "262fd345916d6767ed8bb776eed77688"
      }
    },
    "state" : "STARTED",
    "lifecycle" : {
      "type" : "BUILDPACK",
      "data" : {
        "stack" : "cflinuxfs4",
        "buildpacks" : [ "nodejs_buildpack" ]
      }
    },
    "space" : {
      "name" : "dev",
      "metadata" : {
        "guid" : "9b04da75-fa11-4861-bb38-fe716e64dff3",
        "createdAt" : [ 2025, 7, 21, 9, 13 ],
        "updatedAt" : [ 2025, 7, 21, 9, 13 ]
      },
      "organization" : {
        "name" : "0a812254trial",
        "metadata" : {
          "guid" : "7b95f886-06b6-4387-b7c7-22592e264cde",
          "createdAt" : [ 2025, 7, 21, 9, 12, 58 ],
          "updatedAt" : [ 2025, 7, 21, 9, 12, 59 ]
        }
      }
    },
    "moduleName" : "app1-backend",
    "boundMtaServices" : [ ],
    "providedDependencyNames" : [ ],
    "productizationState" : "LIVE"
  } ],
  "services" : [ ]
}#
#2025 08 05 18:15:06.127#Z#INFO#1cbde2df-7228-11f0-a82b-eeee0a82990a.OPERATION#flowable-async-job-executor-thread-19844#
[DetectDeployedMtaStep] Detected deployed MTA with ID "Project1" and version "0.0.1"#
#2025 08 05 18:15:06.135#Z#DEBUG#1cbde2df-7228-11f0-a82b-eeee0a82990a.OPERATION#flowable-async-job-executor-thread-19844#
[DetectDeployedMtaStep] Detecting backup mta by id "Project1" and namespace "null"#
#2025 08 05 18:15:06.135#Z#DEBUG#1cbde2df-7228-11f0-a82b-eeee0a82990a.OPERATION#flowable-async-job-executor-thread-19844#
[DetectDeployedMtaStep] Getting applications by metadata label selector "mta_id=262fd345916d6767ed8bb776eed77688,mta_namespace=b698114a0995e936895b9598a6c19a2c"...#
#2025 08 05 18:15:06.178#Z#DEBUG#1cbde2df-7228-11f0-a82b-eeee0a82990a.OPERATION#flowable-async-job-executor-thread-19844#
[DetectDeployedMtaStep] Getting service instances by metadata label selector "mta_id=262fd345916d6767ed8bb776eed77688,mta_namespace=b698114a0995e936895b9598a6c19a2c"...#
#2025 08 05 18:15:06.255#Z#DEBUG#1cbde2df-7228-11f0-a82b-eeee0a82990a.OPERATION#flowable-async-job-executor-thread-19844#
[DetectDeployedMtaStep] Deployed MTA service keys: [ ]#
#2025 08 05 18:15:06.255#Z#DEBUG#1cbde2df-7228-11f0-a82b-eeee0a82990a.OPERATION#flowable-async-job-executor-thread-19844#
Step "Detect Deployed MTA" finished#
#2025 08 05 18:15:06.313#Z#DEBUG#1cbde2df-7228-11f0-a82b-eeee0a82990a.OPERATION#flowable-async-job-executor-thread-19845#
[XS2CollectSystemParametersStep] Executing task "collectSystemParametersTask" of process "1cbde302-7228-11f0-a82b-eeee0a82990a"...#
#2025 08 05 18:15:06.315#Z#DEBUG#1cbde2df-7228-11f0-a82b-eeee0a82990a.OPERATION#flowable-async-job-executor-thread-19845#
[XS2CollectSystemParametersStep] Collecting system parameters...#
#2025 08 05 18:15:06.315#Z#DEBUG#1cbde2df-7228-11f0-a82b-eeee0a82990a.OPERATION#flowable-async-job-executor-thread-19845#
[XS2CollectSystemParametersStep] Getting default domain...#
#2025 08 05 18:15:06.351#Z#DEBUG#1cbde2df-7228-11f0-a82b-eeee0a82990a.OPERATION#flowable-async-job-executor-thread-19845#
[XS2CollectSystemParametersStep] Default domain: cfapps.us10-001.hana.ondemand.com#
#2025 08 05 18:15:06.351#Z#DEBUG#1cbde2df-7228-11f0-a82b-eeee0a82990a.OPERATION#flowable-async-job-executor-thread-19845#
[XS2CollectSystemParametersStep] Checking for overwriting read-only parameters for mta with id: "Project1"#
#2025 08 05 18:15:06.351#Z#DEBUG#1cbde2df-7228-11f0-a82b-eeee0a82990a.OPERATION#flowable-async-job-executor-thread-19845#
[XS2CollectSystemParametersStep] No read-only parameters are overwritten#
#2025 08 05 18:15:06.364#Z#DEBUG#1cbde2df-7228-11f0-a82b-eeee0a82990a.OPERATION#flowable-async-job-executor-thread-19845#
[XS2CollectSystemParametersStep] Descriptor with system parameters: {
  "majorSchemaVersion" : 3,
  "schemaVersion" : "3.2.0",
  "id" : "Project1",
  "version" : "0.0.1",
  "modules" : [ {
    "majorSchemaVersion" : 3,
    "name" : "APP1",
    "type" : "javascript.nodejs",
    "path" : "APP1",
    "properties" : { },
    "parameters" : {
      "default-url" : "${protocol}://${default-uri}",
      "default-app-name" : "APP1",
      "generated-password" : "********",
      "default-live-url" : "${protocol}://${default-live-uri}",
      "default-uri" : "${host}.${domain}",
      "memory" : "200M",
      "default-instances" : 1,
      "default-live-host" : "0a812254trial-dev-app1",
      "instances" : "${default-instances}",
      "buildpack" : "nodejs_buildpack",
      "default-host" : "0a812254trial-dev-app1",
      "app-name" : "${default-app-name}",
      "default-live-uri" : "0a812254trial-dev-app1.${domain}",
      "protocol" : "https",
      "default-live-app-name" : "APP1",
      "default-live-domain" : "cfapps.us10-001.hana.ondemand.com",
      "disk-quota" : "400M",
      "domain" : "${default-domain}",
      "host" : "${default-host}",
      "generated-user" : "********"
    },
    "requiredDependencies" : [ ],
    "providedDependencies" : [ {
      "majorSchemaVersion" : 3,
      "name" : "APP1",
      "isPublic" : false,
      "properties" : { },
      "parameters" : { },
      "propertiesMetadata" : {
        "metadata" : { }
      },
      "parametersMetadata" : {
        "metadata" : { }
      }
    } ],
    "propertiesMetadata" : {
      "metadata" : { }
    },
    "parametersMetadata" : {
      "metadata" : { }
    },
    "hooks" : [ ]
  } ],
  "resources" : [ ],
  "parameters" : {
    "mta-id" : "Project1",
    "authorization-url" : "********",
    "org-guid" : "7b95f886-06b6-4387-b7c7-22592e264cde",
    "org" : "0a812254trial",
    "deploy-target" : "0a812254trial dev",
    "space" : "dev",
    "xs-api-url" : "https://api.cf.us10-001.hana.ondemand.com",
    "deploy-url" : "deploy-service.cfapps.us10-001.hana.ondemand.com",
    "xs-type" : "CF",
    "default-domain" : "cfapps.us10-001.hana.ondemand.com",
    "mta-version" : "0.0.1",
    "xs-auth-url" : "********",
    "space-guid" : "9b04da75-fa11-4861-bb38-fe716e64dff3",
    "user" : "********",
    "controller-url" : "https://api.cf.us10-001.hana.ondemand.com",
    "timestamp" : "20250805181505"
  },
  "parametersMetadata" : {
    "metadata" : { }
  }
}#
#2025 08 05 18:15:06.366#Z#DEBUG#1cbde2df-7228-11f0-a82b-eeee0a82990a.OPERATION#flowable-async-job-executor-thread-19845#
[XS2CollectSystemParametersStep] Version rule: ALL#
#2025 08 05 18:15:06.366#Z#INFO#1cbde2df-7228-11f0-a82b-eeee0a82990a.OPERATION#flowable-async-job-executor-thread-19845#
[XS2CollectSystemParametersStep] Detected new MTA version: "0.0.1"#
#2025 08 05 18:15:06.373#Z#INFO#1cbde2df-7228-11f0-a82b-eeee0a82990a.OPERATION#flowable-async-job-executor-thread-19845#
[XS2CollectSystemParametersStep] Deployed MTA version: "0.0.1"#
#2025 08 05 18:15:06.380#Z#DEBUG#1cbde2df-7228-11f0-a82b-eeee0a82990a.OPERATION#flowable-async-job-executor-thread-19845#
[XS2CollectSystemParametersStep] MTA accepted for deployment#
#2025 08 05 18:15:06.381#Z#DEBUG#1cbde2df-7228-11f0-a82b-eeee0a82990a.OPERATION#flowable-async-job-executor-thread-19845#
[XS2CollectSystemParametersStep] System parameters collected#
#2025 08 05 18:15:06.381#Z#DEBUG#1cbde2df-7228-11f0-a82b-eeee0a82990a.OPERATION#flowable-async-job-executor-thread-19845#
Step "Collect System Parameters" finished#
#2025 08 05 18:15:06.430#Z#DEBUG#1cbde2df-7228-11f0-a82b-eeee0a82990a.OPERATION#flowable-async-job-executor-thread-19838#
[ProcessDescriptorStep] Executing task "processDescriptorTask" of process "1cbde302-7228-11f0-a82b-eeee0a82990a"...#
#2025 08 05 18:15:06.431#Z#DEBUG#1cbde2df-7228-11f0-a82b-eeee0a82990a.OPERATION#flowable-async-job-executor-thread-19838#
[ProcessDescriptorStep] Resolving properties and parameters in merged descriptor...#
#2025 08 05 18:15:06.432#Z#DEBUG#1cbde2df-7228-11f0-a82b-eeee0a82990a.OPERATION#flowable-async-job-executor-thread-19838#
[ProcessDescriptorStep] Subscriptions: [ ]#
#2025 08 05 18:15:06.432#Z#DEBUG#1cbde2df-7228-11f0-a82b-eeee0a82990a.OPERATION#flowable-async-job-executor-thread-19838#
[ProcessDescriptorStep] MTA modules: [APP1]#
#2025 08 05 18:15:06.433#Z#DEBUG#1cbde2df-7228-11f0-a82b-eeee0a82990a.OPERATION#flowable-async-job-executor-thread-19838#
[ProcessDescriptorStep] Resolved deployment descriptor: {
  "majorSchemaVersion" : 3,
  "schemaVersion" : "3.2.0",
  "id" : "Project1",
  "version" : "0.0.1",
  "modules" : [ {
    "majorSchemaVersion" : 3,
    "name" : "APP1",
    "type" : "javascript.nodejs",
    "path" : "APP1",
    "properties" : { },
    "parameters" : {
      "default-url" : "https://0a812254trial-dev-app1.cfapps.us10-001.hana.ondemand.com",
      "default-app-name" : "APP1",
      "generated-password" : "********",
      "default-live-url" : "https://0a812254trial-dev-app1.cfapps.us10-001.hana.ondemand.com",
      "default-uri" : "0a812254trial-dev-app1.cfapps.us10-001.hana.ondemand.com",
      "memory" : "200M",
      "default-instances" : 1,
      "default-live-host" : "0a812254trial-dev-app1",
      "instances" : 1,
      "buildpack" : "nodejs_buildpack",
      "default-host" : "0a812254trial-dev-app1",
      "app-name" : "APP1",
      "default-live-uri" : "0a812254trial-dev-app1.cfapps.us10-001.hana.ondemand.com",
      "protocol" : "https",
      "default-live-app-name" : "APP1",
      "default-live-domain" : "cfapps.us10-001.hana.ondemand.com",
      "disk-quota" : "400M",
      "domain" : "cfapps.us10-001.hana.ondemand.com",
      "host" : "0a812254trial-dev-app1",
      "generated-user" : "********"
    },
    "requiredDependencies" : [ ],
    "providedDependencies" : [ {
      "majorSchemaVersion" : 3,
      "name" : "APP1",
      "isPublic" : false,
      "properties" : { },
      "parameters" : { },
      "propertiesMetadata" : {
        "metadata" : { }
      },
      "parametersMetadata" : {
        "metadata" : { }
      }
    } ],
    "propertiesMetadata" : {
      "metadata" : { }
    },
    "parametersMetadata" : {
      "metadata" : { }
    },
    "hooks" : [ ]
  } ],
  "resources" : [ ],
  "parameters" : {
    "mta-id" : "Project1",
    "authorization-url" : "********",
    "org-guid" : "7b95f886-06b6-4387-b7c7-22592e264cde",
    "org" : "0a812254trial",
    "deploy-target" : "0a812254trial dev",
    "region-primary-domain" : "us10.hana.ondemand.com",
    "space" : "dev",
    "xs-api-url" : "https://api.cf.us10-001.hana.ondemand.com",
    "deploy-url" : "deploy-service.cfapps.us10-001.hana.ondemand.com",
    "xs-type" : "CF",
    "default-domain" : "cfapps.us10-001.hana.ondemand.com",
    "mta-version" : "0.0.1",
    "xs-auth-url" : "********",
    "space-guid" : "9b04da75-fa11-4861-bb38-fe716e64dff3",
    "user" : "********",
    "controller-url" : "https://api.cf.us10-001.hana.ondemand.com",
    "timestamp" : "20250805181505"
  },
  "parametersMetadata" : {
    "metadata" : { }
  }
}#
#2025 08 05 18:15:06.433#Z#DEBUG#1cbde2df-7228-11f0-a82b-eeee0a82990a.OPERATION#flowable-async-job-executor-thread-19838#
[ProcessDescriptorStep] Merged descriptor properties and parameters resolved#
#2025 08 05 18:15:06.433#Z#DEBUG#1cbde2df-7228-11f0-a82b-eeee0a82990a.OPERATION#flowable-async-job-executor-thread-19838#
Step "Process Descriptor Step" finished#
#2025 08 05 18:15:06.479#Z#DEBUG#1cbde2df-7228-11f0-a82b-eeee0a82990a.OPERATION#flowable-async-job-executor-thread-19839#
[XS2BuildCloudDeployModelStep] Executing task "buildDeployModelTask" of process "1cbde302-7228-11f0-a82b-eeee0a82990a"...#
#2025 08 05 18:15:06.481#Z#DEBUG#1cbde2df-7228-11f0-a82b-eeee0a82990a.OPERATION#flowable-async-job-executor-thread-19839#
[XS2BuildCloudDeployModelStep] Service keys defined for content deployment grouped by service name: { }#
#2025 08 05 18:15:06.482#Z#DEBUG#1cbde2df-7228-11f0-a82b-eeee0a82990a.OPERATION#flowable-async-job-executor-thread-19839#
[XS2BuildCloudDeployModelStep] Building cloud deployment model...#
#2025 08 05 18:15:06.484#Z#DEBUG#1cbde2df-7228-11f0-a82b-eeee0a82990a.OPERATION#flowable-async-job-executor-thread-19839#
[XS2BuildCloudDeployModelStep] MTA archive modules: [APP1]#
#2025 08 05 18:15:06.484#Z#DEBUG#1cbde2df-7228-11f0-a82b-eeee0a82990a.OPERATION#flowable-async-job-executor-thread-19839#
[XS2BuildCloudDeployModelStep] Deployed modules: [app1-backend]#
#2025 08 05 18:15:06.485#Z#DEBUG#1cbde2df-7228-11f0-a82b-eeee0a82990a.OPERATION#flowable-async-job-executor-thread-19839#
[XS2BuildCloudDeployModelStep] MTA modules: [APP1]#
#2025 08 05 18:15:06.485#Z#DEBUG#1cbde2df-7228-11f0-a82b-eeee0a82990a.OPERATION#flowable-async-job-executor-thread-19839#
[XS2BuildCloudDeployModelStep] Service keys to create: { }#
#2025 08 05 18:15:06.486#Z#DEBUG#1cbde2df-7228-11f0-a82b-eeee0a82990a.OPERATION#flowable-async-job-executor-thread-19839#
[XS2BuildCloudDeployModelStep] Modules to deploy: [{
  "majorSchemaVersion" : 3,
  "name" : "APP1",
  "type" : "javascript.nodejs",
  "path" : "APP1",
  "properties" : { },
  "parameters" : {
    "default-url" : "https://0a812254trial-dev-app1.cfapps.us10-001.hana.ondemand.com",
    "default-app-name" : "APP1",
    "generated-password" : "********",
    "default-live-url" : "https://0a812254trial-dev-app1.cfapps.us10-001.hana.ondemand.com",
    "default-uri" : "0a812254trial-dev-app1.cfapps.us10-001.hana.ondemand.com",
    "memory" : "200M",
    "default-instances" : 1,
    "default-live-host" : "0a812254trial-dev-app1",
    "instances" : 1,
    "buildpack" : "nodejs_buildpack",
    "default-host" : "0a812254trial-dev-app1",
    "app-name" : "APP1",
    "default-live-uri" : "0a812254trial-dev-app1.cfapps.us10-001.hana.ondemand.com",
    "protocol" : "https",
    "default-live-app-name" : "APP1",
    "default-live-domain" : "cfapps.us10-001.hana.ondemand.com",
    "disk-quota" : "400M",
    "dependency-type" : "soft",
    "domain" : "cfapps.us10-001.hana.ondemand.com",
    "host" : "0a812254trial-dev-app1",
    "generated-user" : "********"
  },
  "requiredDependencies" : [ ],
  "providedDependencies" : [ {
    "majorSchemaVersion" : 3,
    "name" : "APP1",
    "isPublic" : false,
    "properties" : { },
    "parameters" : { },
    "propertiesMetadata" : {
      "metadata" : { }
    },
    "parametersMetadata" : {
      "metadata" : { }
    }
  } ],
  "propertiesMetadata" : {
    "metadata" : { }
  },
  "parametersMetadata" : {
    "metadata" : { }
  },
  "hooks" : [ ]
}]#
#2025 08 05 18:15:06.486#Z#DEBUG#1cbde2df-7228-11f0-a82b-eeee0a82990a.OPERATION#flowable-async-job-executor-thread-19839#
[XS2BuildCloudDeployModelStep] Custom domains: []#
#2025 08 05 18:15:06.486#Z#DEBUG#1cbde2df-7228-11f0-a82b-eeee0a82990a.OPERATION#flowable-async-job-executor-thread-19839#
[XS2BuildCloudDeployModelStep] Calculating resource batches...#
#2025 08 05 18:15:06.486#Z#DEBUG#1cbde2df-7228-11f0-a82b-eeee0a82990a.OPERATION#flowable-async-job-executor-thread-19839#
[XS2BuildCloudDeployModelStep] Calculating resource batches completed.#
#2025 08 05 18:15:06.486#Z#DEBUG#1cbde2df-7228-11f0-a82b-eeee0a82990a.OPERATION#flowable-async-job-executor-thread-19839#
[XS2BuildCloudDeployModelStep] Cloud deployment model built#
#2025 08 05 18:15:06.486#Z#DEBUG#1cbde2df-7228-11f0-a82b-eeee0a82990a.OPERATION#flowable-async-job-executor-thread-19839#
Step "Build Deploy Model" finished#
#2025 08 05 18:15:06.537#Z#DEBUG#1cbde2df-7228-11f0-a82b-eeee0a82990a.OPERATION#flowable-async-job-executor-thread-19840#
[BuildCloudUndeployModelStep] Executing task "buildUndeployModelTask" of process "1cbde302-7228-11f0-a82b-eeee0a82990a"...#
#2025 08 05 18:15:06.539#Z#DEBUG#1cbde2df-7228-11f0-a82b-eeee0a82990a.OPERATION#flowable-async-job-executor-thread-19840#
[BuildCloudUndeployModelStep] Building cloud undeployment model...#
#2025 08 05 18:15:06.546#Z#DEBUG#1cbde2df-7228-11f0-a82b-eeee0a82990a.OPERATION#flowable-async-job-executor-thread-19840#
[BuildCloudUndeployModelStep] MTA modules: [APP1]#
#2025 08 05 18:15:06.546#Z#DEBUG#1cbde2df-7228-11f0-a82b-eeee0a82990a.OPERATION#flowable-async-job-executor-thread-19840#
[BuildCloudUndeployModelStep] Modules to undeploy: [ {
  "name" : "app1-backend",
  "metadata" : {
    "guid" : "ce859fc3-55bd-4eea-9efa-70e68e141b9b",
    "createdAt" : [ 2025, 7, 25, 9, 24, 52 ],
    "updatedAt" : [ 2025, 8, 5, 11, 15, 58 ]
  },
  "v3Metadata" : {
    "annotations" : {
      "mta_id" : "Project1",
      "mta_version" : "0.0.1",
      "mta_module" : "{\"name\":\"app1-backend\"}",
      "mta_module_provided_dependencies" : "[]",
      "mta_bound_services" : "[]"
    },
    "labels" : {
      "mta_id" : "262fd345916d6767ed8bb776eed77688"
    }
  },
  "state" : "STARTED",
  "lifecycle" : {
    "type" : "BUILDPACK",
    "data" : {
      "stack" : "cflinuxfs4",
      "buildpacks" : [ "nodejs_buildpack" ]
    }
  },
  "space" : {
    "name" : "dev",
    "metadata" : {
      "guid" : "9b04da75-fa11-4861-bb38-fe716e64dff3",
      "createdAt" : [ 2025, 7, 21, 9, 13 ],
      "updatedAt" : [ 2025, 7, 21, 9, 13 ]
    },
    "organization" : {
      "name" : "0a812254trial",
      "metadata" : {
        "guid" : "7b95f886-06b6-4387-b7c7-22592e264cde",
        "createdAt" : [ 2025, 7, 21, 9, 12, 58 ],
        "updatedAt" : [ 2025, 7, 21, 9, 12, 59 ]
      }
    }
  },
  "moduleName" : "app1-backend",
  "boundMtaServices" : [ ],
  "providedDependencyNames" : [ ],
  "productizationState" : "LIVE"
} ]#
#2025 08 05 18:15:06.546#Z#DEBUG#1cbde2df-7228-11f0-a82b-eeee0a82990a.OPERATION#flowable-async-job-executor-thread-19840#
[BuildCloudUndeployModelStep] Modules that won't be changed: [ ]#
#2025 08 05 18:15:06.548#Z#DEBUG#1cbde2df-7228-11f0-a82b-eeee0a82990a.OPERATION#flowable-async-job-executor-thread-19840#
[BuildCloudUndeployModelStep] Subscriptions to delete: [ ]#
#2025 08 05 18:15:06.550#Z#DEBUG#1cbde2df-7228-11f0-a82b-eeee0a82990a.OPERATION#flowable-async-job-executor-thread-19840#
[BuildCloudUndeployModelStep] Cloud services to delete: []#
#2025 08 05 18:15:06.550#Z#DEBUG#1cbde2df-7228-11f0-a82b-eeee0a82990a.OPERATION#flowable-async-job-executor-thread-19840#
[BuildCloudUndeployModelStep] Detecting service keys to delete.#
#2025 08 05 18:15:06.552#Z#DEBUG#1cbde2df-7228-11f0-a82b-eeee0a82990a.OPERATION#flowable-async-job-executor-thread-19840#
[BuildCloudUndeployModelStep] No deployed service keys detected!#
#2025 08 05 18:15:06.552#Z#DEBUG#1cbde2df-7228-11f0-a82b-eeee0a82990a.OPERATION#flowable-async-job-executor-thread-19840#
[BuildCloudUndeployModelStep] Detected service keys to delete "[]"#
#2025 08 05 18:15:06.552#Z#DEBUG#1cbde2df-7228-11f0-a82b-eeee0a82990a.OPERATION#flowable-async-job-executor-thread-19840#
[BuildCloudUndeployModelStep] Getting application "app1-backend"...#
#2025 08 05 18:15:06.594#Z#DEBUG#1cbde2df-7228-11f0-a82b-eeee0a82990a.OPERATION#flowable-async-job-executor-thread-19840#
[BuildCloudUndeployModelStep] Cloud applications to undeploy: [ {
  "name" : "app1-backend",
  "metadata" : {
    "guid" : "ce859fc3-55bd-4eea-9efa-70e68e141b9b",
    "createdAt" : [ 2025, 7, 25, 9, 24, 52 ],
    "updatedAt" : [ 2025, 8, 5, 11, 15, 58 ]
  },
  "v3Metadata" : {
    "annotations" : {
      "mta_id" : "Project1",
      "mta_version" : "0.0.1",
      "mta_module" : "{\"name\":\"app1-backend\"}",
      "mta_module_provided_dependencies" : "[]",
      "mta_bound_services" : "[]"
    },
    "labels" : {
      "mta_id" : "262fd345916d6767ed8bb776eed77688"
    }
  },
  "state" : "STARTED",
  "lifecycle" : {
    "type" : "BUILDPACK",
    "data" : {
      "stack" : "cflinuxfs4",
      "buildpacks" : [ "nodejs_buildpack" ]
    }
  },
  "space" : {
    "name" : "dev",
    "metadata" : {
      "guid" : "9b04da75-fa11-4861-bb38-fe716e64dff3",
      "createdAt" : [ 2025, 7, 21, 9, 13 ],
      "updatedAt" : [ 2025, 7, 21, 9, 13 ]
    },
    "organization" : {
      "name" : "0a812254trial",
      "metadata" : {
        "guid" : "7b95f886-06b6-4387-b7c7-22592e264cde",
        "createdAt" : [ 2025, 7, 21, 9, 12, 58 ],
        "updatedAt" : [ 2025, 7, 21, 9, 12, 59 ]
      }
    }
  }
} ]#
#2025 08 05 18:15:06.598#Z#DEBUG#1cbde2df-7228-11f0-a82b-eeee0a82990a.OPERATION#flowable-async-job-executor-thread-19840#
[BuildCloudUndeployModelStep] Cloud undeployment model built#
#2025 08 05 18:15:06.598#Z#DEBUG#1cbde2df-7228-11f0-a82b-eeee0a82990a.OPERATION#flowable-async-job-executor-thread-19840#
Step "Build Undeploy Model" finished#
#2025 08 05 18:15:06.647#Z#DEBUG#1cbde2df-7228-11f0-a82b-eeee0a82990a.OPERATION#flowable-async-job-executor-thread-19840#
[AddDomainsStep] Executing task "addDomainsTask" of process "1cbde302-7228-11f0-a82b-eeee0a82990a"...#
#2025 08 05 18:15:06.650#Z#DEBUG#1cbde2df-7228-11f0-a82b-eeee0a82990a.OPERATION#flowable-async-job-executor-thread-19840#
[AddDomainsStep] Custom domains: []#
#2025 08 05 18:15:06.650#Z#DEBUG#1cbde2df-7228-11f0-a82b-eeee0a82990a.OPERATION#flowable-async-job-executor-thread-19840#
Step "Add Domains" finished#
#2025 08 05 18:15:06.709#Z#DEBUG#1cbde2df-7228-11f0-a82b-eeee0a82990a.OPERATION#flowable-async-job-executor-thread-19840#
[PrepareModulesDeploymentStep] Executing task "prepareModulesDeploymentTask" of process "1d6f3120-7228-11f0-a82b-eeee0a82990a"...#
#2025 08 05 18:15:06.710#Z#DEBUG#1cbde2df-7228-11f0-a82b-eeee0a82990a.OPERATION#flowable-async-job-executor-thread-19840#
[PrepareModulesDeploymentStep] Preparing modules deployment...#
#2025 08 05 18:15:06.718#Z#DEBUG#1cbde2df-7228-11f0-a82b-eeee0a82990a.OPERATION#flowable-async-job-executor-thread-19840#
Step "Prepare Modules Deployment" finished#
#2025 08 05 18:15:06.964#Z#DEBUG#1cbde2df-7228-11f0-a82b-eeee0a82990a.OPERATION#flowable-async-job-executor-thread-19841#
[ProcessDescriptorStep] Executing task "reprocessDescriptorTask" of process "1d8be192-7228-11f0-a82b-eeee0a82990a"...#
#2025 08 05 18:15:06.966#Z#DEBUG#1cbde2df-7228-11f0-a82b-eeee0a82990a.OPERATION#flowable-async-job-executor-thread-19841#
[ProcessDescriptorStep] Resolving properties and parameters in merged descriptor...#
#2025 08 05 18:15:06.967#Z#DEBUG#1cbde2df-7228-11f0-a82b-eeee0a82990a.OPERATION#flowable-async-job-executor-thread-19841#
[ProcessDescriptorStep] Subscriptions: [ ]#
#2025 08 05 18:15:06.973#Z#DEBUG#1cbde2df-7228-11f0-a82b-eeee0a82990a.OPERATION#flowable-async-job-executor-thread-19841#
[ProcessDescriptorStep] MTA modules: [APP1]#
#2025 08 05 18:15:06.977#Z#DEBUG#1cbde2df-7228-11f0-a82b-eeee0a82990a.OPERATION#flowable-async-job-executor-thread-19841#
[ProcessDescriptorStep] Resolved deployment descriptor: {
  "majorSchemaVersion" : 3,
  "schemaVersion" : "3.2.0",
  "id" : "Project1",
  "version" : "0.0.1",
  "modules" : [ {
    "majorSchemaVersion" : 3,
    "name" : "APP1",
    "type" : "javascript.nodejs",
    "path" : "APP1",
    "properties" : { },
    "parameters" : {
      "default-url" : "https://0a812254trial-dev-app1.cfapps.us10-001.hana.ondemand.com",
      "default-app-name" : "APP1",
      "generated-password" : "********",
      "default-live-url" : "https://0a812254trial-dev-app1.cfapps.us10-001.hana.ondemand.com",
      "default-uri" : "0a812254trial-dev-app1.cfapps.us10-001.hana.ondemand.com",
      "memory" : "200M",
      "default-instances" : 1,
      "default-live-host" : "0a812254trial-dev-app1",
      "instances" : 1,
      "buildpack" : "nodejs_buildpack",
      "default-host" : "0a812254trial-dev-app1",
      "app-name" : "APP1",
      "default-live-uri" : "0a812254trial-dev-app1.cfapps.us10-001.hana.ondemand.com",
      "protocol" : "https",
      "default-live-app-name" : "APP1",
      "default-live-domain" : "cfapps.us10-001.hana.ondemand.com",
      "disk-quota" : "400M",
      "domain" : "cfapps.us10-001.hana.ondemand.com",
      "host" : "0a812254trial-dev-app1",
      "generated-user" : "********"
    },
    "requiredDependencies" : [ ],
    "providedDependencies" : [ {
      "majorSchemaVersion" : 3,
      "name" : "APP1",
      "isPublic" : false,
      "properties" : { },
      "parameters" : { },
      "propertiesMetadata" : {
        "metadata" : { }
      },
      "parametersMetadata" : {
        "metadata" : { }
      }
    } ],
    "propertiesMetadata" : {
      "metadata" : { }
    },
    "parametersMetadata" : {
      "metadata" : { }
    },
    "hooks" : [ ]
  } ],
  "resources" : [ ],
  "parameters" : {
    "mta-id" : "Project1",
    "authorization-url" : "********",
    "org-guid" : "7b95f886-06b6-4387-b7c7-22592e264cde",
    "org" : "0a812254trial",
    "deploy-target" : "0a812254trial dev",
    "region-primary-domain" : "us10.hana.ondemand.com",
    "space" : "dev",
    "xs-api-url" : "https://api.cf.us10-001.hana.ondemand.com",
    "deploy-url" : "deploy-service.cfapps.us10-001.hana.ondemand.com",
    "xs-type" : "CF",
    "default-domain" : "cfapps.us10-001.hana.ondemand.com",
    "mta-version" : "0.0.1",
    "xs-auth-url" : "********",
    "space-guid" : "9b04da75-fa11-4861-bb38-fe716e64dff3",
    "user" : "********",
    "controller-url" : "https://api.cf.us10-001.hana.ondemand.com",
    "timestamp" : "20250805181505"
  },
  "parametersMetadata" : {
    "metadata" : { }
  }
}#
#2025 08 05 18:15:06.977#Z#DEBUG#1cbde2df-7228-11f0-a82b-eeee0a82990a.OPERATION#flowable-async-job-executor-thread-19841#
[ProcessDescriptorStep] Merged descriptor properties and parameters resolved#
#2025 08 05 18:15:06.977#Z#DEBUG#1cbde2df-7228-11f0-a82b-eeee0a82990a.OPERATION#flowable-async-job-executor-thread-19841#
Step "Re-Process Descriptor Step" finished#
#2025 08 05 18:15:07.034#Z#DEBUG#1cbde2df-7228-11f0-a82b-eeee0a82990a.OPERATION#flowable-async-job-executor-thread-19841#
[BuildApplicationDeployModelStep] Executing task "buildApplicationDeployModelTask" of process "1d8be192-7228-11f0-a82b-eeee0a82990a"...#
#2025 08 05 18:15:07.037#Z#DEBUG#1cbde2df-7228-11f0-a82b-eeee0a82990a.OPERATION#flowable-async-job-executor-thread-19841#
[BuildApplicationDeployModelStep] Building cloud deployment model for application "APP1"...#
#2025 08 05 18:15:07.043#Z#DEBUG#1cbde2df-7228-11f0-a82b-eeee0a82990a.OPERATION#flowable-async-job-executor-thread-19841#
[BuildApplicationDeployModelStep] No health-check-type is specified. Setting default type: port#
#2025 08 05 18:15:07.043#Z#INFO#1cbde2df-7228-11f0-a82b-eeee0a82990a.OPERATION#flowable-async-job-executor-thread-19841#
[BuildApplicationDeployModelStep] Building configuration entries for org 0a812254trial, space dev, spaceId 9b04da75-fa11-4861-bb38-fe716e64dff3 and namespace null!#
#2025 08 05 18:15:07.045#Z#DEBUG#1cbde2df-7228-11f0-a82b-eeee0a82990a.OPERATION#flowable-async-job-executor-thread-19841#
[BuildApplicationDeployModelStep] Configuration entries to publish: [ ]#
#2025 08 05 18:15:07.045#Z#DEBUG#1cbde2df-7228-11f0-a82b-eeee0a82990a.OPERATION#flowable-async-job-executor-thread-19841#
[BuildApplicationDeployModelStep] Cloud deployment model for application built#
#2025 08 05 18:15:07.045#Z#DEBUG#1cbde2df-7228-11f0-a82b-eeee0a82990a.OPERATION#flowable-async-job-executor-thread-19841#
Step "Build Application Deploy Model" finished#
#2025 08 05 18:15:07.109#Z#DEBUG#1cbde2df-7228-11f0-a82b-eeee0a82990a.OPERATION#flowable-async-job-executor-thread-19839#
[CreateOrUpdateAppStep] Executing task "createAppTask" of process "1d8be192-7228-11f0-a82b-eeee0a82990a"...#
#2025 08 05 18:15:07.111#Z#DEBUG#1cbde2df-7228-11f0-a82b-eeee0a82990a.OPERATION#flowable-async-job-executor-thread-19839#
[CreateOrUpdateAppStep] Getting application "APP1"...#
#2025 08 05 18:15:07.148#Z#INFO#1cbde2df-7228-11f0-a82b-eeee0a82990a.OPERATION#flowable-async-job-executor-thread-19839#
[CreateOrUpdateAppStep] Creating application "APP1" from MTA module "APP1"...#
#2025 08 05 18:15:07.159#Z#DEBUG#1cbde2df-7228-11f0-a82b-eeee0a82990a.OPERATION#flowable-async-job-executor-thread-19839#
[CreateOrUpdateAppStep] Creating application "APP1" with disk "400" memory "200", URIs "0a812254trial-dev-app1.cfapps.us10-001.hana.ondemand.com" and staging: "{
  "buildpacks" : [ "nodejs_buildpack" ],
  "healthCheckType" : "port"
}"#
#2025 08 05 18:15:07.611#Z#DEBUG#1cbde2df-7228-11f0-a82b-eeee0a82990a.OPERATION#flowable-async-job-executor-thread-19839#
[CreateOrUpdateAppStep] Application "APP1" created#
#2025 08 05 18:15:07.611#Z#DEBUG#1cbde2df-7228-11f0-a82b-eeee0a82990a.OPERATION#flowable-async-job-executor-thread-19839#
Step "Create App" finished#
#2025 08 05 18:15:07.669#Z#DEBUG#1cbde2df-7228-11f0-a82b-eeee0a82990a.OPERATION#flowable-async-job-executor-thread-19841#
[UploadAppStep] Executing task "uploadAppTask" of process "1d8be192-7228-11f0-a82b-eeee0a82990a"...#
#2025 08 05 18:15:07.670#Z#DEBUG#1cbde2df-7228-11f0-a82b-eeee0a82990a.OPERATION#flowable-async-job-executor-thread-19841#
[UploadAppStep] Application upload timeout is default one: 3,600 seconds#
#2025 08 05 18:15:07.671#Z#INFO#1cbde2df-7228-11f0-a82b-eeee0a82990a.OPERATION#flowable-async-job-executor-thread-19841#
[UploadAppStep] Uploading application "APP1"...#
#2025 08 05 18:15:07.677#Z#DEBUG#1cbde2df-7228-11f0-a82b-eeee0a82990a.OPERATION#flowable-async-job-executor-thread-19841#
[UploadAppStep] Getting application "APP1"...#
#2025 08 05 18:15:07.728#Z#DEBUG#1cbde2df-7228-11f0-a82b-eeee0a82990a.OPERATION#flowable-async-job-executor-thread-19841#
[UploadAppStep] Getting environment of application "245e041c-7c2d-43a7-a613-4c72097b8b4a"...#
#2025 08 05 18:15:07.768#Z#INFO#1cbde2df-7228-11f0-a82b-eeee0a82990a.OPERATION#flowable-async-job-executor-thread-19841#
[UploadAppStep] Calculating application digest: "APP1"#
#2025 08 05 18:15:07.794#Z#DEBUG#1cbde2df-7228-11f0-a82b-eeee0a82990a.OPERATION#flowable-async-job-executor-thread-19841#
Step "Upload App" finished#
#2025 08 05 18:15:16.943#Z#DEBUG#1cbde2df-7228-11f0-a82b-eeee0a82990a.OPERATION#flowable-async-job-executor-thread-22193#
[UploadAppStep] Executing task "uploadAppTask" of process "1d8be192-7228-11f0-a82b-eeee0a82990a"...#
#2025 08 05 18:15:16.945#Z#DEBUG#1cbde2df-7228-11f0-a82b-eeee0a82990a.OPERATION#flowable-async-job-executor-thread-22193#
[UploadAppStep] Application upload timeout is default one: 3,600 seconds#
#2025 08 05 18:15:17.015#Z#DEBUG#1cbde2df-7228-11f0-a82b-eeee0a82990a.OPERATION#pool-21-thread-2#
[UploadAppStep] Upload of application: APP1 started on instance: 1#
#2025 08 05 18:15:17.015#Z#DEBUG#1cbde2df-7228-11f0-a82b-eeee0a82990a.OPERATION#pool-21-thread-2#
[UploadAppStep] Uploading file "APP1/data.zip" for application "APP1"#
#2025 08 05 18:15:17.040#Z#INFO#1cbde2df-7228-11f0-a82b-eeee0a82990a.OPERATION#pool-21-thread-2#
[UploadAppStep] Time elapsed for app binary download: 25 in millis#
#2025 08 05 18:15:17.040#Z#INFO#1cbde2df-7228-11f0-a82b-eeee0a82990a.OPERATION#pool-21-thread-2#
[UploadAppStep] Size of app APP1 is 36,160 bytes#
#2025 08 05 18:15:17.040#Z#DEBUG#1cbde2df-7228-11f0-a82b-eeee0a82990a.OPERATION#pool-21-thread-2#
[UploadAppStep] Asynchronously uploading binaries for application "APP1"...#
#2025 08 05 18:15:17.260#Z#INFO#1cbde2df-7228-11f0-a82b-eeee0a82990a.OPERATION#pool-21-thread-2#
[UploadAppStep] Started async upload of application "APP1"#
#2025 08 05 18:15:17.267#Z#INFO#1cbde2df-7228-11f0-a82b-eeee0a82990a.OPERATION#flowable-async-job-executor-thread-22193#
[UploadAppStep] Time elapsed for upload: 321 in millis#
#2025 08 05 18:15:17.267#Z#DEBUG#1cbde2df-7228-11f0-a82b-eeee0a82990a.OPERATION#flowable-async-job-executor-thread-22193#
[UploadAppStep] Getting application "APP1"...#
#2025 08 05 18:15:17.292#Z#DEBUG#1cbde2df-7228-11f0-a82b-eeee0a82990a.OPERATION#App upload monitor: 4e38be30-8882-4f34-b370-6d3424174794#
[UploadAppStep] Upload status: PROCESSING_UPLOAD#
#2025 08 05 18:15:17.311#Z#DEBUG#1cbde2df-7228-11f0-a82b-eeee0a82990a.OPERATION#flowable-async-job-executor-thread-22193#
[UploadAppStep] Getting environment of application "245e041c-7c2d-43a7-a613-4c72097b8b4a"...#
#2025 08 05 18:15:17.345#Z#DEBUG#1cbde2df-7228-11f0-a82b-eeee0a82990a.OPERATION#flowable-async-job-executor-thread-22193#
[UploadAppStep] Updating environment of application "APP1"#
#2025 08 05 18:15:17.434#Z#DEBUG#1cbde2df-7228-11f0-a82b-eeee0a82990a.OPERATION#flowable-async-job-executor-thread-22193#
Step "Upload App" finished#
#2025 08 05 18:15:22.320#Z#DEBUG#1cbde2df-7228-11f0-a82b-eeee0a82990a.OPERATION#App upload monitor: 4e38be30-8882-4f34-b370-6d3424174794#
[UploadAppStep] Upload status: READY#
#2025 08 05 18:15:27.005#Z#DEBUG#1cbde2df-7228-11f0-a82b-eeee0a82990a.OPERATION#flowable-async-job-executor-thread-22203#
[UploadAppStep] Executing task "uploadAppTask" of process "1d8be192-7228-11f0-a82b-eeee0a82990a"...#
#2025 08 05 18:15:27.007#Z#DEBUG#1cbde2df-7228-11f0-a82b-eeee0a82990a.OPERATION#flowable-async-job-executor-thread-22203#
[UploadAppStep] Application upload timeout is default one: 3,600 seconds#
#2025 08 05 18:15:27.007#Z#DEBUG#1cbde2df-7228-11f0-a82b-eeee0a82990a.OPERATION#flowable-async-job-executor-thread-22203#
[UploadAppStep] Checking upload status of application "APP1"...#
#2025 08 05 18:15:27.007#Z#DEBUG#1cbde2df-7228-11f0-a82b-eeee0a82990a.OPERATION#flowable-async-job-executor-thread-22203#
[UploadAppStep] Getting package "4e38be30-8882-4f34-b370-6d3424174794"...#
#2025 08 05 18:15:27.040#Z#DEBUG#1cbde2df-7228-11f0-a82b-eeee0a82990a.OPERATION#flowable-async-job-executor-thread-22203#
[UploadAppStep] Application "APP1" uploaded#
#2025 08 05 18:15:27.041#Z#DEBUG#1cbde2df-7228-11f0-a82b-eeee0a82990a.OPERATION#flowable-async-job-executor-thread-22203#
Step "Upload App" finished#
#2025 08 05 18:15:27.102#Z#DEBUG#1cbde2df-7228-11f0-a82b-eeee0a82990a.OPERATION#flowable-async-job-executor-thread-22205#
[ScaleAppStep] Executing task "scaleAppTask" of process "1d8be192-7228-11f0-a82b-eeee0a82990a"...#
#2025 08 05 18:15:27.103#Z#DEBUG#1cbde2df-7228-11f0-a82b-eeee0a82990a.OPERATION#flowable-async-job-executor-thread-22205#
[ScaleAppStep] Scaling application "APP1"...#
#2025 08 05 18:15:27.103#Z#DEBUG#1cbde2df-7228-11f0-a82b-eeee0a82990a.OPERATION#flowable-async-job-executor-thread-22205#
[ScaleAppStep] Application "APP1" scaled#
#2025 08 05 18:15:27.103#Z#DEBUG#1cbde2df-7228-11f0-a82b-eeee0a82990a.OPERATION#flowable-async-job-executor-thread-22205#
Step "Scale App" finished#
#2025 08 05 18:15:27.146#Z#DEBUG#1cbde2df-7228-11f0-a82b-eeee0a82990a.OPERATION#flowable-async-job-executor-thread-22206#
[DetermineDesiredStateAchievingActionsStep] Executing task "determineDesiredStateAchievingActionsTask" of process "1d8be192-7228-11f0-a82b-eeee0a82990a"...#
#2025 08 05 18:15:27.148#Z#DEBUG#1cbde2df-7228-11f0-a82b-eeee0a82990a.OPERATION#flowable-async-job-executor-thread-22206#
[DetermineDesiredStateAchievingActionsStep] Getting application "APP1"...#
#2025 08 05 18:15:27.203#Z#DEBUG#1cbde2df-7228-11f0-a82b-eeee0a82990a.OPERATION#flowable-async-job-executor-thread-22206#
[DetermineDesiredStateAchievingActionsStep] Getting instances for application "APP1"...#
#2025 08 05 18:15:27.203#Z#DEBUG#1cbde2df-7228-11f0-a82b-eeee0a82990a.OPERATION#flowable-async-job-executor-thread-22206#
[DetermineDesiredStateAchievingActionsStep] Getting environment of application "245e041c-7c2d-43a7-a613-4c72097b8b4a"...#
#2025 08 05 18:15:27.237#Z#DEBUG#1cbde2df-7228-11f0-a82b-eeee0a82990a.OPERATION#flowable-async-job-executor-thread-22206#
[DetermineDesiredStateAchievingActionsStep] Current state of application APP1: STOPPED#
#2025 08 05 18:15:27.237#Z#DEBUG#1cbde2df-7228-11f0-a82b-eeee0a82990a.OPERATION#flowable-async-job-executor-thread-22206#
[DetermineDesiredStateAchievingActionsStep] Desired state of application APP1: STARTED#
#2025 08 05 18:15:27.237#Z#DEBUG#1cbde2df-7228-11f0-a82b-eeee0a82990a.OPERATION#flowable-async-job-executor-thread-22206#
[DetermineDesiredStateAchievingActionsStep] Actions that should be executed on application APP1: [STAGE, START]#
#2025 08 05 18:15:27.237#Z#DEBUG#1cbde2df-7228-11f0-a82b-eeee0a82990a.OPERATION#flowable-async-job-executor-thread-22206#
Step "Determine Desired State Achieving Actions" finished#
#2025 08 05 18:15:27.289#Z#DEBUG#1cbde2df-7228-11f0-a82b-eeee0a82990a.OPERATION#flowable-async-job-executor-thread-22207#
[StageAppStep] Executing task "stageAppTask" of process "1d8be192-7228-11f0-a82b-eeee0a82990a"...#
#2025 08 05 18:15:27.293#Z#DEBUG#1cbde2df-7228-11f0-a82b-eeee0a82990a.OPERATION#flowable-async-job-executor-thread-22207#
[StageAppStep] Application stage timeout is default one: 3,600 seconds#
#2025 08 05 18:15:27.295#Z#INFO#1cbde2df-7228-11f0-a82b-eeee0a82990a.OPERATION#flowable-async-job-executor-thread-22207#
[StageAppStep] Staging application "APP1"...#
#2025 08 05 18:15:27.303#Z#DEBUG#1cbde2df-7228-11f0-a82b-eeee0a82990a.OPERATION#flowable-async-job-executor-thread-22207#
[StageAppStep] Creating build for package "4e38be30-8882-4f34-b370-6d3424174794"...#
#2025 08 05 18:15:27.753#Z#DEBUG#1cbde2df-7228-11f0-a82b-eeee0a82990a.OPERATION#flowable-async-job-executor-thread-22207#
Step "Stage App" finished#
#2025 08 05 18:15:37.069#Z#DEBUG#1cbde2df-7228-11f0-a82b-eeee0a82990a.OPERATION#flowable-async-job-executor-thread-22207#
[StageAppStep] Executing task "stageAppTask" of process "1d8be192-7228-11f0-a82b-eeee0a82990a"...#
#2025 08 05 18:15:37.072#Z#DEBUG#1cbde2df-7228-11f0-a82b-eeee0a82990a.OPERATION#flowable-async-job-executor-thread-22207#
[StageAppStep] Application stage timeout is default one: 3,600 seconds#
#2025 08 05 18:15:37.072#Z#DEBUG#1cbde2df-7228-11f0-a82b-eeee0a82990a.OPERATION#flowable-async-job-executor-thread-22207#
[StageAppStep] Checking status of application "APP1"...#
#2025 08 05 18:15:37.072#Z#DEBUG#1cbde2df-7228-11f0-a82b-eeee0a82990a.OPERATION#flowable-async-job-executor-thread-22207#
[StageAppStep] Getting build "50091aee-a6e8-49c3-a24d-3a0488b75397"...#
#2025 08 05 18:15:37.121#Z#DEBUG#1cbde2df-7228-11f0-a82b-eeee0a82990a.OPERATION#flowable-async-job-executor-thread-22207#
[StageAppStep] Staging status of application "APP1": PENDING#
#2025 08 05 18:15:37.122#Z#DEBUG#1cbde2df-7228-11f0-a82b-eeee0a82990a.OPERATION#flowable-async-job-executor-thread-22207#
[StageAppStep] Getting application guid "APP1"...#
#2025 08 05 18:15:37.255#Z#DEBUG#1cbde2df-7228-11f0-a82b-eeee0a82990a.OPERATION#flowable-async-job-executor-thread-22207#
Step "Stage App" finished#
#2025 08 05 18:15:47.241#Z#DEBUG#1cbde2df-7228-11f0-a82b-eeee0a82990a.OPERATION#flowable-async-job-executor-thread-22221#
[StageAppStep] Executing task "stageAppTask" of process "1d8be192-7228-11f0-a82b-eeee0a82990a"...#
#2025 08 05 18:15:47.242#Z#DEBUG#1cbde2df-7228-11f0-a82b-eeee0a82990a.OPERATION#flowable-async-job-executor-thread-22221#
[StageAppStep] Application stage timeout is default one: 3,600 seconds#
#2025 08 05 18:15:47.242#Z#DEBUG#1cbde2df-7228-11f0-a82b-eeee0a82990a.OPERATION#flowable-async-job-executor-thread-22221#
[StageAppStep] Checking status of application "APP1"...#
#2025 08 05 18:15:47.242#Z#DEBUG#1cbde2df-7228-11f0-a82b-eeee0a82990a.OPERATION#flowable-async-job-executor-thread-22221#
[StageAppStep] Getting build "50091aee-a6e8-49c3-a24d-3a0488b75397"...#
#2025 08 05 18:15:47.275#Z#DEBUG#1cbde2df-7228-11f0-a82b-eeee0a82990a.OPERATION#flowable-async-job-executor-thread-22221#
[StageAppStep] Staging status of application "APP1": STAGED#
#2025 08 05 18:15:47.276#Z#DEBUG#1cbde2df-7228-11f0-a82b-eeee0a82990a.OPERATION#flowable-async-job-executor-thread-22221#
[StageAppStep] Getting application guid "APP1"...#
#2025 08 05 18:15:47.377#Z#DEBUG#1cbde2df-7228-11f0-a82b-eeee0a82990a.OPERATION#flowable-async-job-executor-thread-22221#
[StageAppStep] Getting build "50091aee-a6e8-49c3-a24d-3a0488b75397"...#
#2025 08 05 18:15:47.419#Z#DEBUG#1cbde2df-7228-11f0-a82b-eeee0a82990a.OPERATION#flowable-async-job-executor-thread-22221#
[StageAppStep] Binding droplet "031a947b-a2a3-440a-9dc9-433220e0a7f4" to application "245e041c-7c2d-43a7-a613-4c72097b8b4a"...#
#2025 08 05 18:15:47.477#Z#INFO#1cbde2df-7228-11f0-a82b-eeee0a82990a.OPERATION#flowable-async-job-executor-thread-22221#
[StageAppStep] Application "APP1" staged#
#2025 08 05 18:15:47.488#Z#DEBUG#1cbde2df-7228-11f0-a82b-eeee0a82990a.OPERATION#flowable-async-job-executor-thread-22221#
Step "Stage App" finished#
#2025 08 05 18:15:47.617#Z#DEBUG#1cbde2df-7228-11f0-a82b-eeee0a82990a.OPERATION#flowable-async-job-executor-thread-22222#
[RestartAppStep] Executing task "startAppTask" of process "1d8be192-7228-11f0-a82b-eeee0a82990a"...#
#2025 08 05 18:15:47.622#Z#DEBUG#1cbde2df-7228-11f0-a82b-eeee0a82990a.OPERATION#flowable-async-job-executor-thread-22222#
[RestartAppStep] Application start timeout is default one: 3,600 seconds#
#2025 08 05 18:15:47.624#Z#DEBUG#1cbde2df-7228-11f0-a82b-eeee0a82990a.OPERATION#flowable-async-job-executor-thread-22222#
[RestartAppStep] Getting application "APP1"...#
#2025 08 05 18:15:47.671#Z#INFO#1cbde2df-7228-11f0-a82b-eeee0a82990a.OPERATION#flowable-async-job-executor-thread-22222#
[RestartAppStep] Starting application "APP1"...#
#2025 08 05 18:15:47.679#Z#DEBUG#1cbde2df-7228-11f0-a82b-eeee0a82990a.OPERATION#flowable-async-job-executor-thread-22222#
[RestartAppStep] Starting application "APP1"...#
#2025 08 05 18:15:47.928#Z#DEBUG#1cbde2df-7228-11f0-a82b-eeee0a82990a.OPERATION#flowable-async-job-executor-thread-22222#
Step "Start App" finished#
#2025 08 05 18:15:57.355#Z#DEBUG#1cbde2df-7228-11f0-a82b-eeee0a82990a.OPERATION#flowable-async-job-executor-thread-22227#
[RestartAppStep] Executing task "startAppTask" of process "3609b76d-7228-11f0-b4b9-eeee0a9f1d38"...#
#2025 08 05 18:15:57.359#Z#DEBUG#1cbde2df-7228-11f0-a82b-eeee0a82990a.OPERATION#flowable-async-job-executor-thread-22227#
[RestartAppStep] Application start timeout is default one: 3,600 seconds#
#2025 08 05 18:15:57.359#Z#DEBUG#1cbde2df-7228-11f0-a82b-eeee0a82990a.OPERATION#flowable-async-job-executor-thread-22227#
[RestartAppStep] Checking status of application "APP1"...#
#2025 08 05 18:15:57.359#Z#DEBUG#1cbde2df-7228-11f0-a82b-eeee0a82990a.OPERATION#flowable-async-job-executor-thread-22227#
[RestartAppStep] Getting application "APP1"...#
#2025 08 05 18:15:57.426#Z#DEBUG#1cbde2df-7228-11f0-a82b-eeee0a82990a.OPERATION#flowable-async-job-executor-thread-22227#
[RestartAppStep] Getting instances for application "APP1"...#
#2025 08 05 18:15:57.470#Z#DEBUG#1cbde2df-7228-11f0-a82b-eeee0a82990a.OPERATION#flowable-async-job-executor-thread-22227#
[RestartAppStep] Application "APP1": 0 of 1 instances running (1 starting)#
#2025 08 05 18:15:57.537#Z#DEBUG#1cbde2df-7228-11f0-a82b-eeee0a82990a.OPERATION#flowable-async-job-executor-thread-22227#
Step "Start App" finished#
#2025 08 05 18:16:07.424#Z#DEBUG#1cbde2df-7228-11f0-a82b-eeee0a82990a.OPERATION#flowable-async-job-executor-thread-21869#
[RestartAppStep] Executing task "startAppTask" of process "3bc3c7ac-7228-11f0-b4b9-eeee0a9f1d38"...#
#2025 08 05 18:16:07.427#Z#DEBUG#1cbde2df-7228-11f0-a82b-eeee0a82990a.OPERATION#flowable-async-job-executor-thread-21869#
[RestartAppStep] Application start timeout is default one: 3,600 seconds#
#2025 08 05 18:16:07.482#Z#DEBUG#1cbde2df-7228-11f0-a82b-eeee0a82990a.OPERATION#flowable-async-job-executor-thread-21869#
[RestartAppStep] Checking status of application "APP1"...#
#2025 08 05 18:16:07.483#Z#DEBUG#1cbde2df-7228-11f0-a82b-eeee0a82990a.OPERATION#flowable-async-job-executor-thread-21869#
[RestartAppStep] Getting instances for application "APP1"...#
#2025 08 05 18:16:07.536#Z#DEBUG#1cbde2df-7228-11f0-a82b-eeee0a82990a.OPERATION#flowable-async-job-executor-thread-21869#
[RestartAppStep] Application "APP1": 0 of 1 instances running (1 starting)#
#2025 08 05 18:16:07.591#Z#DEBUG#1cbde2df-7228-11f0-a82b-eeee0a82990a.OPERATION#flowable-async-job-executor-thread-21869#
Step "Start App" finished#
#2025 08 05 18:16:17.476#Z#DEBUG#1cbde2df-7228-11f0-a82b-eeee0a82990a.OPERATION#flowable-async-job-executor-thread-22243#
[RestartAppStep] Executing task "startAppTask" of process "41c20d3e-7228-11f0-82b0-eeee0a983dfe"...#
#2025 08 05 18:16:17.479#Z#DEBUG#1cbde2df-7228-11f0-a82b-eeee0a82990a.OPERATION#flowable-async-job-executor-thread-22243#
[RestartAppStep] Application start timeout is default one: 3,600 seconds#
#2025 08 05 18:16:17.479#Z#DEBUG#1cbde2df-7228-11f0-a82b-eeee0a82990a.OPERATION#flowable-async-job-executor-thread-22243#
[RestartAppStep] Checking status of application "APP1"...#
#2025 08 05 18:16:17.480#Z#DEBUG#1cbde2df-7228-11f0-a82b-eeee0a82990a.OPERATION#flowable-async-job-executor-thread-22243#
[RestartAppStep] Getting instances for application "APP1"...#
#2025 08 05 18:16:17.528#Z#DEBUG#1cbde2df-7228-11f0-a82b-eeee0a82990a.OPERATION#flowable-async-job-executor-thread-22243#
[RestartAppStep] Application "APP1": 0 of 1 instances running (1 crashed)#
#2025 08 05 18:16:17.602#Z#ERROR#1cbde2df-7228-11f0-a82b-eeee0a82990a.OPERATION#flowable-async-job-executor-thread-22243#
[RestartAppStep] Error starting application "APP1": Some instances have crashed. Chec
k the logs of your application for more information.
Download the application logs via the dmol command and check them for more information.#
#2025 08 05 18:16:17.610#Z#ERROR#1cbde2df-7228-11f0-a82b-eeee0a82990a.OPERATION#flowable-async-job-executor-thread-22243#
Exception caught#
org.cloudfoundry.multiapps.common.SLException: A step of the process has failed. Retrying it may solve the issue.
	at org.cloudfoundry.multiapps.controller.process.steps.SyncFlowableStep.executeInternal(SyncFlowableStep.java:78)
	at org.cloudfoundry.multiapps.controller.process.steps.SyncFlowableStep.lambda$execute$0(SyncFlowableStep.java:66)
	at org.cloudfoundry.multiapps.controller.core.util.LoggingUtil.logWithCorrelationId(LoggingUtil.java:14)
	at org.cloudfoundry.multiapps.controller.process.steps.SyncFlowableStep.execute(SyncFlowableStep.java:66)
	at org.flowable.engine.impl.delegate.invocation.JavaDelegateInvocation.invoke(JavaDelegateInvocation.java:35)
	at org.flowable.engine.impl.delegate.invocation.DelegateInvocation.proceed(DelegateInvocation.java:32)
	at org.flowable.engine.impl.delegate.invocation.DefaultDelegateInterceptor.handleInvocation(DefaultDelegateInterceptor.java:26)
	at org.flowable.engine.impl.bpmn.behavior.ServiceTaskDelegateExpressionActivityBehavior.execute(ServiceTaskDelegateExpressionActivityBehavior.java:177)
	at org.flowable.engine.impl.agenda.ContinueProcessOperation.executeActivityBehavior(ContinueProcessOperation.java:298)
	at org.flowable.engine.impl.agenda.ContinueProcessOperation.executeSynchronous(ContinueProcessOperation.java:175)
	at org.flowable.engine.impl.agenda.ContinueProcessOperation.continueThroughFlowNode(ContinueProcessOperation.java:125)
	at org.flowable.engine.impl.agenda.ContinueProcessOperation.run(ContinueProcessOperation.java:88)
	at org.flowable.common.engine.impl.AbstractEngineConfiguration.lambda$new$0(AbstractEngineConfiguration.java:196)
	at org.flowable.engine.impl.interceptor.CommandInvoker.executeOperation(CommandInvoker.java:169)
	at org.flowable.engine.impl.interceptor.CommandInvoker.executeOperations(CommandInvoker.java:124)
	at org.flowable.engine.impl.interceptor.CommandInvoker.execute(CommandInvoker.java:78)
	at org.flowable.engine.impl.interceptor.BpmnOverrideContextInterceptor.execute(BpmnOverrideContextInterceptor.java:26)
	at org.flowable.common.engine.impl.interceptor.TransactionContextInterceptor.execute(TransactionContextInterceptor.java:53)
	at org.flowable.common.engine.impl.interceptor.CommandContextInterceptor.execute(CommandContextInterceptor.java:105)
	at org.flowable.common.spring.SpringTransactionInterceptor.lambda$execute$0(SpringTransactionInterceptor.java:57)
	at org.springframework.transaction.support.TransactionTemplate.execute(TransactionTemplate.java:140)
	at org.flowable.common.spring.SpringTransactionInterceptor.execute(SpringTransactionInterceptor.java:57)
	at org.flowable.common.engine.impl.interceptor.LogInterceptor.execute(LogInterceptor.java:30)
	at org.flowable.common.engine.impl.cfg.CommandExecutorImpl.execute(CommandExecutorImpl.java:56)
	at org.flowable.common.engine.impl.cfg.CommandExecutorImpl.execute(CommandExecutorImpl.java:51)
	at org.flowable.job.service.impl.asyncexecutor.ExecuteAsyncRunnable.executeJob(ExecuteAsyncRunnable.java:119)
	at org.flowable.job.service.impl.asyncexecutor.ExecuteAsyncRunnable.runInternally(ExecuteAsyncRunnable.java:107)
	at org.flowable.job.service.impl.asyncexecutor.ExecuteAsyncRunnable.run(ExecuteAsyncRunnable.java:82)
	at java.base/java.util.concurrent.ThreadPoolExecutor.runWorker(ThreadPoolExecutor.java:1136)
	at java.base/java.util.concurrent.ThreadPoolExecutor$Worker.run(ThreadPoolExecutor.java:635)
	at java.base/java.lang.Thread.run(Thread.java:840)
#2025 08 05 18:16:17.619#Z#DEBUG#1cbde2df-7228-11f0-a82b-eeee0a82990a.OPERATION#flowable-async-job-executor-thread-22243#
Step "Start App" finished#
#2025 08 05 18:16:18.195#Z#DEBUG#1cbde2df-7228-11f0-a82b-eeee0a82990a.OPERATION#flowable-async-job-executor-thread-19884#
[RestartAppStep] Executing task "startAppTask" of process "41c20d3e-7228-11f0-82b0-eeee0a983dfe"...#
#2025 08 05 18:16:18.200#Z#DEBUG#1cbde2df-7228-11f0-a82b-eeee0a82990a.OPERATION#flowable-async-job-executor-thread-19884#
[RestartAppStep] Application start timeout is default one: 3,600 seconds#
#2025 08 05 18:16:18.207#Z#DEBUG#1cbde2df-7228-11f0-a82b-eeee0a82990a.OPERATION#flowable-async-job-executor-thread-19884#
[RestartAppStep] Getting application "APP1"...#
#2025 08 05 18:16:18.256#Z#INFO#1cbde2df-7228-11f0-a82b-eeee0a82990a.OPERATION#flowable-async-job-executor-thread-19884#
[RestartAppStep] Stopping application "APP1"...#
#2025 08 05 18:16:18.265#Z#DEBUG#1cbde2df-7228-11f0-a82b-eeee0a82990a.OPERATION#flowable-async-job-executor-thread-19884#
[RestartAppStep] Stopping application "APP1"...#
#2025 08 05 18:16:18.419#Z#INFO#1cbde2df-7228-11f0-a82b-eeee0a82990a.OPERATION#flowable-async-job-executor-thread-19884#
[RestartAppStep] Starting application "APP1"...#
#2025 08 05 18:16:18.427#Z#DEBUG#1cbde2df-7228-11f0-a82b-eeee0a82990a.OPERATION#flowable-async-job-executor-thread-19884#
[RestartAppStep] Starting application "APP1"...#
#2025 08 05 18:16:18.638#Z#DEBUG#1cbde2df-7228-11f0-a82b-eeee0a82990a.OPERATION#flowable-async-job-executor-thread-19884#
Step "Start App" finished#
#2025 08 05 18:16:27.539#Z#DEBUG#1cbde2df-7228-11f0-a82b-eeee0a82990a.OPERATION#flowable-async-job-executor-thread-22251#
[RestartAppStep] Executing task "startAppTask" of process "48578975-7228-11f0-a82b-eeee0a82990a"...#
#2025 08 05 18:16:27.543#Z#DEBUG#1cbde2df-7228-11f0-a82b-eeee0a82990a.OPERATION#flowable-async-job-executor-thread-22251#
[RestartAppStep] Application start timeout is default one: 3,600 seconds#
#2025 08 05 18:16:27.611#Z#DEBUG#1cbde2df-7228-11f0-a82b-eeee0a82990a.OPERATION#flowable-async-job-executor-thread-22251#
[RestartAppStep] Checking status of application "APP1"...#
#2025 08 05 18:16:27.613#Z#DEBUG#1cbde2df-7228-11f0-a82b-eeee0a82990a.OPERATION#flowable-async-job-executor-thread-22251#
[RestartAppStep] Getting instances for application "APP1"...#
#2025 08 05 18:16:27.673#Z#DEBUG#1cbde2df-7228-11f0-a82b-eeee0a82990a.OPERATION#flowable-async-job-executor-thread-22251#
[RestartAppStep] Application "APP1": 0 of 1 instances running (1 starting)#
#2025 08 05 18:16:27.765#Z#DEBUG#1cbde2df-7228-11f0-a82b-eeee0a82990a.OPERATION#flowable-async-job-executor-thread-22251#
Step "Start App" finished#
#2025 08 05 18:16:37.585#Z#DEBUG#1cbde2df-7228-11f0-a82b-eeee0a82990a.OPERATION#flowable-async-job-executor-thread-22258#
[RestartAppStep] Executing task "startAppTask" of process "4dc883a4-7228-11f0-b4b9-eeee0a9f1d38"...#
#2025 08 05 18:16:37.589#Z#DEBUG#1cbde2df-7228-11f0-a82b-eeee0a82990a.OPERATION#flowable-async-job-executor-thread-22258#
[RestartAppStep] Application start timeout is default one: 3,600 seconds#
#2025 08 05 18:16:37.589#Z#DEBUG#1cbde2df-7228-11f0-a82b-eeee0a82990a.OPERATION#flowable-async-job-executor-thread-22258#
[RestartAppStep] Checking status of application "APP1"...#
#2025 08 05 18:16:37.590#Z#DEBUG#1cbde2df-7228-11f0-a82b-eeee0a82990a.OPERATION#flowable-async-job-executor-thread-22258#
[RestartAppStep] Getting instances for application "APP1"...#
#2025 08 05 18:16:37.653#Z#DEBUG#1cbde2df-7228-11f0-a82b-eeee0a82990a.OPERATION#flowable-async-job-executor-thread-22258#
[RestartAppStep] Application "APP1": 0 of 1 instances running (1 starting)#
#2025 08 05 18:16:37.699#Z#DEBUG#1cbde2df-7228-11f0-a82b-eeee0a82990a.OPERATION#flowable-async-job-executor-thread-22258#
Step "Start App" finished#
#2025 08 05 18:16:47.587#Z#DEBUG#1cbde2df-7228-11f0-a82b-eeee0a82990a.OPERATION#flowable-async-job-executor-thread-22264#
[RestartAppStep] Executing task "startAppTask" of process "53b42b89-7228-11f0-b4b9-eeee0a9f1d38"...#
#2025 08 05 18:16:47.589#Z#DEBUG#1cbde2df-7228-11f0-a82b-eeee0a82990a.OPERATION#flowable-async-job-executor-thread-22264#
[RestartAppStep] Application start timeout is default one: 3,600 seconds#
#2025 08 05 18:16:47.589#Z#DEBUG#1cbde2df-7228-11f0-a82b-eeee0a82990a.OPERATION#flowable-async-job-executor-thread-22264#
[RestartAppStep] Checking status of application "APP1"...#
#2025 08 05 18:16:47.590#Z#DEBUG#1cbde2df-7228-11f0-a82b-eeee0a82990a.OPERATION#flowable-async-job-executor-thread-22264#
[RestartAppStep] Getting instances for application "APP1"...#
#2025 08 05 18:16:47.888#Z#DEBUG#1cbde2df-7228-11f0-a82b-eeee0a82990a.OPERATION#flowable-async-job-executor-thread-22264#
[RestartAppStep] Application "APP1": 0 of 1 instances running (1 crashed)#
#2025 08 05 18:16:47.930#Z#ERROR#1cbde2df-7228-11f0-a82b-eeee0a82990a.OPERATION#flowable-async-job-executor-thread-22264#
[RestartAppStep] Error starting application "APP1": Some instances have crashed. Check the logs of your application for more information.
Download the application logs via the dmol command and check them for more information.#
#2025 08 05 18:16:47.937#Z#ERROR#1cbde2df-7228-11f0-a82b-eeee0a82990a.OPERATION#flowable-async-job-executor-thread-22264#
Exception caught#
org.cloudfoundry.multiapps.common.SLException: A step of the process has failed. Retrying it may solve the issue.
	at org.cloudfoundry.multiapps.controller.process.steps.SyncFlowableStep.executeInternal(SyncFlowableStep.java:78)
	at org.cloudfoundry.multiapps.controller.process.steps.SyncFlowableStep.lambda$execute$0(SyncFlowableStep.java:66)
	at org.cloudfoundry.multiapps.controller.core.util.LoggingUtil.logWithCorrelationId(LoggingUtil.java:14)
	at org.cloudfoundry.multiapps.controller.process.steps.SyncFlowableStep.execute(SyncFlowableStep.java:66)
	at org.flowable.engine.impl.delegate.invocation.JavaDelegateInvocation.invoke(JavaDelegateInvocation.java:35)
	at org.flowable.engine.impl.delegate.invocation.DelegateInvocation.proceed(DelegateInvocation.java:32)
	at org.flowable.engine.impl.delegate.invocation.DefaultDelegateInterceptor.handleInvocation(DefaultDelegateInterceptor.java:26)
	at org.flowable.engine.impl.bpmn.behavior.ServiceTaskDelegateExpressionActivityBehavior.execute(ServiceTaskDelegateExpressionActivityBehavior.java:177)
	at org.flowable.engine.impl.agenda.ContinueProcessOperation.executeActivityBehavior(ContinueProcessOperation.java:298)
	at org.flowable.engine.impl.agenda.ContinueProcessOperation.executeSynchronous(ContinueProcessOperation.java:175)
	at org.flowable.engine.impl.agenda.ContinueProcessOperation.continueThroughFlowNode(ContinueProcessOperation.java:125)
	at org.flowable.engine.impl.agenda.ContinueProcessOperation.run(ContinueProcessOperation.java:88)
	at org.flowable.common.engine.impl.AbstractEngineConfiguration.lambda$new$0(AbstractEngineConfiguration.java:196)
	at org.flowable.engine.impl.interceptor.CommandInvoker.executeOperation(CommandInvoker.java:169)
	at org.flowable.engine.impl.interceptor.CommandInvoker.executeOperations(CommandInvoker.java:124)
	at org.flowable.engine.impl.interceptor.CommandInvoker.execute(CommandInvoker.java:78)
	at org.flowable.engine.impl.interceptor.BpmnOverrideContextInterceptor.execute(BpmnOverrideContextInterceptor.java:26)
	at org.flowable.common.engine.impl.interceptor.TransactionContextInterceptor.execute(TransactionContextInterceptor.java:53)
	at org.flowable.common.engine.impl.interceptor.CommandContextInterceptor.execute(CommandContextInterceptor.java:105)
	at org.flowable.common.spring.SpringTransactionInterceptor.lambda$execute$0(SpringTransactionInterceptor.java:57)
	at org.springframework.transaction.support.TransactionTemplate.execute(TransactionTemplate.java:140)
	at org.flowable.common.spring.SpringTransactionInterceptor.execute(SpringTransactionInterceptor.java:57)
	at org.flowable.common.engine.impl.interceptor.LogInterceptor.execute(LogInterceptor.java:30)
	at org.flowable.common.engine.impl.cfg.CommandExecutorImpl.execute(CommandExecutorImpl.java:56)
	at org.flowable.common.engine.impl.cfg.CommandExecutorImpl.execute(CommandExecutorImpl.java:51)
	at org.flowable.job.service.impl.asyncexecutor.ExecuteAsyncRunnable.executeJob(ExecuteAsyncRunnable.java:119)
	at org.flowable.job.service.impl.asyncexecutor.ExecuteAsyncRunnable.runInternally(ExecuteAsyncRunnable.java:107)
	at org.flowable.job.service.impl.asyncexecutor.ExecuteAsyncRunnable.run(ExecuteAsyncRunnable.java:82)
	at java.base/java.util.concurrent.ThreadPoolExecutor.runWorker(ThreadPoolExecutor.java:1136)
	at java.base/java.util.concurrent.ThreadPoolExecutor$Worker.run(ThreadPoolExecutor.java:635)
	at java.base/java.lang.Thread.run(Thread.java:840)
#2025 08 05 18:16:47.946#Z#DEBUG#1cbde2df-7228-11f0-a82b-eeee0a82990a.OPERATION#flowable-async-job-executor-thread-22264#
Step "Start App" finished#
#2025 08 05 18:16:48.624#Z#DEBUG#1cbde2df-7228-11f0-a82b-eeee0a82990a.OPERATION#flowable-async-job-executor-thread-21875#
[RestartAppStep] Executing task "startAppTask" of process "53b42b89-7228-11f0-b4b9-eeee0a9f1d38"...#
#2025 08 05 18:16:48.628#Z#DEBUG#1cbde2df-7228-11f0-a82b-eeee0a82990a.OPERATION#flowable-async-job-executor-thread-21875#
[RestartAppStep] Application start timeout is default one: 3,600 seconds#
#2025 08 05 18:16:48.637#Z#DEBUG#1cbde2df-7228-11f0-a82b-eeee0a82990a.OPERATION#flowable-async-job-executor-thread-21875#
[RestartAppStep] Getting application "APP1"...#
#2025 08 05 18:16:48.683#Z#INFO#1cbde2df-7228-11f0-a82b-eeee0a82990a.OPERATION#flowable-async-job-executor-thread-21875#
[RestartAppStep] Stopping application "APP1"...#
#2025 08 05 18:16:48.690#Z#DEBUG#1cbde2df-7228-11f0-a82b-eeee0a82990a.OPERATION#flowable-async-job-executor-thread-21875#
[RestartAppStep] Stopping application "APP1"...#
#2025 08 05 18:16:48.838#Z#INFO#1cbde2df-7228-11f0-a82b-eeee0a82990a.OPERATION#flowable-async-job-executor-thread-21875#
[RestartAppStep] Starting application "APP1"...#
#2025 08 05 18:16:48.844#Z#DEBUG#1cbde2df-7228-11f0-a82b-eeee0a82990a.OPERATION#flowable-async-job-executor-thread-21875#
[RestartAppStep] Starting application "APP1"...#
#2025 08 05 18:16:49.186#Z#DEBUG#1cbde2df-7228-11f0-a82b-eeee0a82990a.OPERATION#flowable-async-job-executor-thread-21875#
Step "Start App" finished#
#2025 08 05 18:16:57.648#Z#DEBUG#1cbde2df-7228-11f0-a82b-eeee0a82990a.OPERATION#flowable-async-job-executor-thread-22267#
[RestartAppStep] Executing task "startAppTask" of process "5a8ccafc-7228-11f0-82b0-eeee0a983dfe"...#
#2025 08 05 18:16:57.651#Z#DEBUG#1cbde2df-7228-11f0-a82b-eeee0a82990a.OPERATION#flowable-async-job-executor-thread-22267#
[RestartAppStep] Application start timeout is default one: 3,600 seconds#
#2025 08 05 18:16:57.719#Z#DEBUG#1cbde2df-7228-11f0-a82b-eeee0a82990a.OPERATION#flowable-async-job-executor-thread-22267#
[RestartAppStep] Checking status of application "APP1"...#
#2025 08 05 18:16:57.722#Z#DEBUG#1cbde2df-7228-11f0-a82b-eeee0a82990a.OPERATION#flowable-async-job-executor-thread-22267#
[RestartAppStep] Getting instances for application "APP1"...#
#2025 08 05 18:16:57.791#Z#DEBUG#1cbde2df-7228-11f0-a82b-eeee0a82990a.OPERATION#flowable-async-job-executor-thread-22267#
[RestartAppStep] Application "APP1": 0 of 1 instances running (1 starting)#
#2025 08 05 18:16:57.833#Z#DEBUG#1cbde2df-7228-11f0-a82b-eeee0a82990a.OPERATION#flowable-async-job-executor-thread-22267#
Step "Start App" finished#
#2025 08 05 18:17:07.720#Z#DEBUG#1cbde2df-7228-11f0-a82b-eeee0a82990a.OPERATION#flowable-async-job-executor-thread-21878#
[RestartAppStep] Executing task "startAppTask" of process "5fb45f4c-7228-11f0-b4b9-eeee0a9f1d38"...#
#2025 08 05 18:17:07.724#Z#DEBUG#1cbde2df-7228-11f0-a82b-eeee0a82990a.OPERATION#flowable-async-job-executor-thread-21878#
[RestartAppStep] Application start timeout is default one: 3,600 seconds#
#2025 08 05 18:17:07.724#Z#DEBUG#1cbde2df-7228-11f0-a82b-eeee0a82990a.OPERATION#flowable-async-job-executor-thread-21878#
[RestartAppStep] Checking status of application "APP1"...#
#2025 08 05 18:17:07.726#Z#DEBUG#1cbde2df-7228-11f0-a82b-eeee0a82990a.OPERATION#flowable-async-job-executor-thread-21878#
[RestartAppStep] Getting instances for application "APP1"...#
#2025 08 05 18:17:07.789#Z#DEBUG#1cbde2df-7228-11f0-a82b-eeee0a82990a.OPERATION#flowable-async-job-executor-thread-21878#
[RestartAppStep] Application "APP1": 0 of 1 instances running (1 starting)#
#2025 08 05 18:17:07.857#Z#DEBUG#1cbde2df-7228-11f0-a82b-eeee0a82990a.OPERATION#flowable-async-job-executor-thread-21878#
Step "Start App" finished#
#2025 08 05 18:17:17.708#Z#DEBUG#1cbde2df-7228-11f0-a82b-eeee0a82990a.OPERATION#flowable-async-job-executor-thread-21887#
[RestartAppStep] Executing task "startAppTask" of process "65adea1c-7228-11f0-82b0-eeee0a983dfe"...#
#2025 08 05 18:17:17.711#Z#DEBUG#1cbde2df-7228-11f0-a82b-eeee0a82990a.OPERATION#flowable-async-job-executor-thread-21887#
[RestartAppStep] Application start timeout is default one: 3,600 seconds#
#2025 08 05 18:17:17.711#Z#DEBUG#1cbde2df-7228-11f0-a82b-eeee0a82990a.OPERATION#flowable-async-job-executor-thread-21887#
[RestartAppStep] Checking status of application "APP1"...#
#2025 08 05 18:17:17.712#Z#DEBUG#1cbde2df-7228-11f0-a82b-eeee0a82990a.OPERATION#flowable-async-job-executor-thread-21887#
[RestartAppStep] Getting instances for application "APP1"...#
#2025 08 05 18:17:17.776#Z#DEBUG#1cbde2df-7228-11f0-a82b-eeee0a82990a.OPERATION#flowable-async-job-executor-thread-21887#
[RestartAppStep] Application "APP1": 0 of 1 instances running (1 crashed)#
#2025 08 05 18:17:17.820#Z#ERROR#1cbde2df-7228-11f0-a82b-eeee0a82990a.OPERATION#flowable-async-job-executor-thread-21887#
[RestartAppStep] Error starting application "APP1": Some instances have crashed. Check the logs of your application for more information.
Download the application logs via the dmol command and check them for more information.#
#2025 08 05 18:17:17.828#Z#ERROR#1cbde2df-7228-11f0-a82b-eeee0a82990a.OPERATION#flowable-async-job-executor-thread-21887#
Exception caught#
org.cloudfoundry.multiapps.common.SLException: A step of the process has failed. Retrying it may solve the issue.
	at org.cloudfoundry.multiapps.controller.process.steps.SyncFlowableStep.executeInternal(SyncFlowableStep.java:78)
	at org.cloudfoundry.multiapps.controller.process.steps.SyncFlowableStep.lambda$execute$0(SyncFlowableStep.java:66)
	at org.cloudfoundry.multiapps.controller.core.util.LoggingUtil.logWithCorrelationId(LoggingUtil.java:14)
	at org.cloudfoundry.multiapps.controller.process.steps.SyncFlowableStep.execute(SyncFlowableStep.java:66)
	at org.flowable.engine.impl.delegate.invocation.JavaDelegateInvocation.invoke(JavaDelegateInvocation.java:35)
	at org.flowable.engine.impl.delegate.invocation.DelegateInvocation.proceed(DelegateInvocation.java:32)
	at org.flowable.engine.impl.delegate.invocation.DefaultDelegateInterceptor.handleInvocation(DefaultDelegateInterceptor.java:26)
	at org.flowable.engine.impl.bpmn.behavior.ServiceTaskDelegateExpressionActivityBehavior.execute(ServiceTaskDelegateExpressionActivityBehavior.java:177)
	at org.flowable.engine.impl.agenda.ContinueProcessOperation.executeActivityBehavior(ContinueProcessOperation.java:298)
	at org.flowable.engine.impl.agenda.ContinueProcessOperation.executeSynchronous(ContinueProcessOperation.java:175)
	at org.flowable.engine.impl.agenda.ContinueProcessOperation.continueThroughFlowNode(ContinueProcessOperation.java:125)
	at org.flowable.engine.impl.agenda.ContinueProcessOperation.run(ContinueProcessOperation.java:88)
	at org.flowable.common.engine.impl.AbstractEngineConfiguration.lambda$new$0(AbstractEngineConfiguration.java:196)
	at org.flowable.engine.impl.interceptor.CommandInvoker.executeOperation(CommandInvoker.java:169)
	at org.flowable.engine.impl.interceptor.CommandInvoker.executeOperations(CommandInvoker.java:124)
	at org.flowable.engine.impl.interceptor.CommandInvoker.execute(CommandInvoker.java:78)
	at org.flowable.engine.impl.interceptor.BpmnOverrideContextInterceptor.execute(BpmnOverrideContextInterceptor.java:26)
	at org.flowable.common.engine.impl.interceptor.TransactionContextInterceptor.execute(TransactionContextInterceptor.java:53)
	at org.flowable.common.engine.impl.interceptor.CommandContextInterceptor.execute(CommandContextInterceptor.java:105)
	at org.flowable.common.spring.SpringTransactionInterceptor.lambda$execute$0(SpringTransactionInterceptor.java:57)
	at org.springframework.transaction.support.TransactionTemplate.execute(TransactionTemplate.java:140)
	at org.flowable.common.spring.SpringTransactionInterceptor.execute(SpringTransactionInterceptor.java:57)
	at org.flowable.common.engine.impl.interceptor.LogInterceptor.execute(LogInterceptor.java:30)
	at org.flowable.common.engine.impl.cfg.CommandExecutorImpl.execute(CommandExecutorImpl.java:56)
	at org.flowable.common.engine.impl.cfg.CommandExecutorImpl.execute(CommandExecutorImpl.java:51)
	at org.flowable.job.service.impl.asyncexecutor.ExecuteAsyncRunnable.executeJob(ExecuteAsyncRunnable.java:119)
	at org.flowable.job.service.impl.asyncexecutor.ExecuteAsyncRunnable.runInternally(ExecuteAsyncRunnable.java:107)
	at org.flowable.job.service.impl.asyncexecutor.ExecuteAsyncRunnable.run(ExecuteAsyncRunnable.java:82)
	at java.base/java.util.concurrent.ThreadPoolExecutor.runWorker(ThreadPoolExecutor.java:1136)
	at java.base/java.util.concurrent.ThreadPoolExecutor$Worker.run(ThreadPoolExecutor.java:635)
	at java.base/java.lang.Thread.run(Thread.java:840)
#2025 08 05 18:17:17.836#Z#DEBUG#1cbde2df-7228-11f0-a82b-eeee0a82990a.OPERATION#flowable-async-job-executor-thread-21887#
Step "Start App" finished#
#2025 08 05 18:17:18.974#Z#DEBUG#1cbde2df-7228-11f0-a82b-eeee0a82990a.OPERATION#flowable-async-job-executor-thread-21888#
[RestartAppStep] Executing task "startAppTask" of process "65adea1c-7228-11f0-82b0-eeee0a983dfe"...#
#2025 08 05 18:17:18.979#Z#DEBUG#1cbde2df-7228-11f0-a82b-eeee0a82990a.OPERATION#flowable-async-job-executor-thread-21888#
[RestartAppStep] Application start timeout is default one: 3,600 seconds#
#2025 08 05 18:17:19.051#Z#DEBUG#1cbde2df-7228-11f0-a82b-eeee0a82990a.OPERATION#flowable-async-job-executor-thread-21888#
[RestartAppStep] Getting application "APP1"...#
#2025 08 05 18:17:19.108#Z#INFO#1cbde2df-7228-11f0-a82b-eeee0a82990a.OPERATION#flowable-async-job-executor-thread-21888#
[RestartAppStep] Stopping application "APP1"...#
#2025 08 05 18:17:19.117#Z#DEBUG#1cbde2df-7228-11f0-a82b-eeee0a82990a.OPERATION#flowable-async-job-executor-thread-21888#
[RestartAppStep] Stopping application "APP1"...#
#2025 08 05 18:17:19.257#Z#INFO#1cbde2df-7228-11f0-a82b-eeee0a82990a.OPERATION#flowable-async-job-executor-thread-21888#
[RestartAppStep] Starting application "APP1"...#
#2025 08 05 18:17:19.266#Z#DEBUG#1cbde2df-7228-11f0-a82b-eeee0a82990a.OPERATION#flowable-async-job-executor-thread-21888#
[RestartAppStep] Starting application "APP1"...#
#2025 08 05 18:17:19.478#Z#DEBUG#1cbde2df-7228-11f0-a82b-eeee0a82990a.OPERATION#flowable-async-job-executor-thread-21888#
Step "Start App" finished#
#2025 08 05 18:17:27.834#Z#DEBUG#1cbde2df-7228-11f0-a82b-eeee0a82990a.OPERATION#flowable-async-job-executor-thread-21894#
[RestartAppStep] Executing task "startAppTask" of process "6c9afbeb-7228-11f0-82b0-eeee0a983dfe"...#
#2025 08 05 18:17:27.843#Z#DEBUG#1cbde2df-7228-11f0-a82b-eeee0a82990a.OPERATION#flowable-async-job-executor-thread-21894#
[RestartAppStep] Application start timeout is default one: 3,600 seconds#
#2025 08 05 18:17:27.843#Z#DEBUG#1cbde2df-7228-11f0-a82b-eeee0a82990a.OPERATION#flowable-async-job-executor-thread-21894#
[RestartAppStep] Checking status of application "APP1"...#
#2025 08 05 18:17:27.846#Z#DEBUG#1cbde2df-7228-11f0-a82b-eeee0a82990a.OPERATION#flowable-async-job-executor-thread-21894#
[RestartAppStep] Getting instances for application "APP1"...#
#2025 08 05 18:17:27.900#Z#DEBUG#1cbde2df-7228-11f0-a82b-eeee0a82990a.OPERATION#flowable-async-job-executor-thread-21894#
[RestartAppStep] Application "APP1": 0 of 1 instances running (1 starting)#
#2025 08 05 18:17:27.947#Z#DEBUG#1cbde2df-7228-11f0-a82b-eeee0a82990a.OPERATION#flowable-async-job-executor-thread-21894#
Step "Start App" finished#
#2025 08 05 18:17:37.774#Z#DEBUG#1cbde2df-7228-11f0-a82b-eeee0a82990a.OPERATION#flowable-async-job-executor-thread-21904#
[RestartAppStep] Executing task "startAppTask" of process "71a8c6ea-7228-11f0-82b0-eeee0a983dfe"...#
#2025 08 05 18:17:37.777#Z#DEBUG#1cbde2df-7228-11f0-a82b-eeee0a82990a.OPERATION#flowable-async-job-executor-thread-21904#
[RestartAppStep] Application start timeout is default one: 3,600 seconds#
#2025 08 05 18:17:37.778#Z#DEBUG#1cbde2df-7228-11f0-a82b-eeee0a82990a.OPERATION#flowable-async-job-executor-thread-21904#
[RestartAppStep] Checking status of application "APP1"...#
#2025 08 05 18:17:37.779#Z#DEBUG#1cbde2df-7228-11f0-a82b-eeee0a82990a.OPERATION#flowable-async-job-executor-thread-21904#
[RestartAppStep] Getting instances for application "APP1"...#
#2025 08 05 18:17:37.833#Z#DEBUG#1cbde2df-7228-11f0-a82b-eeee0a82990a.OPERATION#flowable-async-job-executor-thread-21904#
[RestartAppStep] Application "APP1": 0 of 1 instances running (1 starting)#
#2025 08 05 18:17:37.890#Z#DEBUG#1cbde2df-7228-11f0-a82b-eeee0a82990a.OPERATION#flowable-async-job-executor-thread-21904#
Step "Start App" finished#
#2025 08 05 18:17:47.802#Z#DEBUG#1cbde2df-7228-11f0-a82b-eeee0a82990a.OPERATION#flowable-async-job-executor-thread-22278#
[RestartAppStep] Executing task "startAppTask" of process "77946e9a-7228-11f0-82b0-eeee0a983dfe"...#
#2025 08 05 18:17:47.806#Z#DEBUG#1cbde2df-7228-11f0-a82b-eeee0a82990a.OPERATION#flowable-async-job-executor-thread-22278#
[RestartAppStep] Application start timeout is default one: 3,600 seconds#
#2025 08 05 18:17:47.806#Z#DEBUG#1cbde2df-7228-11f0-a82b-eeee0a82990a.OPERATION#flowable-async-job-executor-thread-22278#
[RestartAppStep] Checking status of application "APP1"...#
#2025 08 05 18:17:47.807#Z#DEBUG#1cbde2df-7228-11f0-a82b-eeee0a82990a.OPERATION#flowable-async-job-executor-thread-22278#
[RestartAppStep] Getting instances for application "APP1"...#
#2025 08 05 18:17:47.861#Z#DEBUG#1cbde2df-7228-11f0-a82b-eeee0a82990a.OPERATION#flowable-async-job-executor-thread-22278#
[RestartAppStep] Application "APP1": 0 of 1 instances running (1 starting)#
#2025 08 05 18:17:47.917#Z#DEBUG#1cbde2df-7228-11f0-a82b-eeee0a82990a.OPERATION#flowable-async-job-executor-thread-22278#
Step "Start App" finished#
#2025 08 05 18:17:57.814#Z#DEBUG#1cbde2df-7228-11f0-a82b-eeee0a82990a.OPERATION#flowable-async-job-executor-thread-22285#
[RestartAppStep] Executing task "startAppTask" of process "7d8ebcbe-7228-11f0-b4b9-eeee0a9f1d38"...#
#2025 08 05 18:17:57.816#Z#DEBUG#1cbde2df-7228-11f0-a82b-eeee0a82990a.OPERATION#flowable-async-job-executor-thread-22285#
[RestartAppStep] Application start timeout is default one: 3,600 seconds#
#2025 08 05 18:17:57.817#Z#DEBUG#1cbde2df-7228-11f0-a82b-eeee0a82990a.OPERATION#flowable-async-job-executor-thread-22285#
[RestartAppStep] Checking status of application "APP1"...#
#2025 08 05 18:17:57.818#Z#DEBUG#1cbde2df-7228-11f0-a82b-eeee0a82990a.OPERATION#flowable-async-job-executor-thread-22285#
[RestartAppStep] Getting instances for application "APP1"...#
#2025 08 05 18:17:57.873#Z#DEBUG#1cbde2df-7228-11f0-a82b-eeee0a82990a.OPERATION#flowable-async-job-executor-thread-22285#
[RestartAppStep] Application "APP1": 0 of 1 instances running (1 crashed)#
#2025 08 05 18:17:57.935#Z#ERROR#1cbde2df-7228-11f0-a82b-eeee0a82990a.OPERATION#flowable-async-job-executor-thread-22285#
[RestartAppStep] Error starting application "APP1": Some instances have crashed. Check the logs of your application for more information.
Download the application logs via the dmol command and check them for more information.#
#2025 08 05 18:17:57.943#Z#ERROR#1cbde2df-7228-11f0-a82b-eeee0a82990a.OPERATION#flowable-async-job-executor-thread-22285#
Exception caught#
org.cloudfoundry.multiapps.common.SLException: A step of the process has failed. Retrying it may solve the issue.
	at org.cloudfoundry.multiapps.controller.process.steps.SyncFlowableStep.executeInternal(SyncFlowableStep.java:78)
	at org.cloudfoundry.multiapps.controller.process.steps.SyncFlowableStep.lambda$execute$0(SyncFlowableStep.java:66)
	at org.cloudfoundry.multiapps.controller.core.util.LoggingUtil.logWithCorrelationId(LoggingUtil.java:14)
	at org.cloudfoundry.multiapps.controller.process.steps.SyncFlowableStep.execute(SyncFlowableStep.java:66)
	at org.flowable.engine.impl.delegate.invocation.JavaDelegateInvocation.invoke(JavaDelegateInvocation.java:35)
	at org.flowable.engine.impl.delegate.invocation.DelegateInvocation.proceed(DelegateInvocation.java:32)
	at org.flowable.engine.impl.delegate.invocation.DefaultDelegateInterceptor.handleInvocation(DefaultDelegateInterceptor.java:26)
	at org.flowable.engine.impl.bpmn.behavior.ServiceTaskDelegateExpressionActivityBehavior.execute(ServiceTaskDelegateExpressionActivityBehavior.java:177)
	at org.flowable.engine.impl.agenda.ContinueProcessOperation.executeActivityBehavior(ContinueProcessOperation.java:298)
	at org.flowable.engine.impl.agenda.ContinueProcessOperation.executeSynchronous(ContinueProcessOperation.java:175)
	at org.flowable.engine.impl.agenda.ContinueProcessOperation.continueThroughFlowNode(ContinueProcessOperation.java:125)
	at org.flowable.engine.impl.agenda.ContinueProcessOperation.run(ContinueProcessOperation.java:88)
	at org.flowable.common.engine.impl.AbstractEngineConfiguration.lambda$new$0(AbstractEngineConfiguration.java:196)
	at org.flowable.engine.impl.interceptor.CommandInvoker.executeOperation(CommandInvoker.java:169)
	at org.flowable.engine.impl.interceptor.CommandInvoker.executeOperations(CommandInvoker.java:124)
	at org.flowable.engine.impl.interceptor.CommandInvoker.execute(CommandInvoker.java:78)
	at org.flowable.engine.impl.interceptor.BpmnOverrideContextInterceptor.execute(BpmnOverrideContextInterceptor.java:26)
	at org.flowable.common.engine.impl.interceptor.TransactionContextInterceptor.execute(TransactionContextInterceptor.java:53)
	at org.flowable.common.engine.impl.interceptor.CommandContextInterceptor.execute(CommandContextInterceptor.java:105)
	at org.flowable.common.spring.SpringTransactionInterceptor.lambda$execute$0(SpringTransactionInterceptor.java:57)
	at org.springframework.transaction.support.TransactionTemplate.execute(TransactionTemplate.java:140)
	at org.flowable.common.spring.SpringTransactionInterceptor.execute(SpringTransactionInterceptor.java:57)
	at org.flowable.common.engine.impl.interceptor.LogInterceptor.execute(LogInterceptor.java:30)
	at org.flowable.common.engine.impl.cfg.CommandExecutorImpl.execute(CommandExecutorImpl.java:56)
	at org.flowable.common.engine.impl.cfg.CommandExecutorImpl.execute(CommandExecutorImpl.java:51)
	at org.flowable.job.service.impl.asyncexecutor.ExecuteAsyncRunnable.executeJob(ExecuteAsyncRunnable.java:119)
	at org.flowable.job.service.impl.asyncexecutor.ExecuteAsyncRunnable.runInternally(ExecuteAsyncRunnable.java:107)
	at org.flowable.job.service.impl.asyncexecutor.ExecuteAsyncRunnable.run(ExecuteAsyncRunnable.java:82)
	at java.base/java.util.concurrent.ThreadPoolExecutor.runWorker(ThreadPoolExecutor.java:1136)
	at java.base/java.util.concurrent.ThreadPoolExecutor$Worker.run(ThreadPoolExecutor.java:635)
	at java.base/java.lang.Thread.run(Thread.java:840)
#2025 08 05 18:17:57.955#Z#DEBUG#1cbde2df-7228-11f0-a82b-eeee0a82990a.OPERATION#flowable-async-job-executor-thread-22285#
Step "Start App" finished#
